
May 21, 2018 19:43:12.16 NEW SESSION
May 21, 2018 19:43:12.16 [7724:3276:0521/194312.157:ERROR:in_progress_cache_impl.cc(93)] Could not read download entries from file because there was a read failure.
May 21, 2018 20:07:09.19 Unable to read VR Path Registry from C:\Users\IDEBUS\AppData\Local\openvr\openvrpaths.vrpath
May 21, 2018 20:07:33.94 [8532:8676:0521/200733.936:ERROR:in_progress_cache_impl.cc(189)] Cache is not initialized, cannot RetrieveEntry.
May 21, 2018 20:07:34.00 [8532:8676:0521/200733.936:ERROR:in_progress_cache_impl.cc(189)] Cache is not initialized, cannot RetrieveEntry.
May 21, 2018 20:07:34.00 [8532:8676:0521/200733.936:ERROR:in_progress_cache_impl.cc(189)] Cache is not initialized, cannot RetrieveEntry.
May 21, 2018 20:07:34.02 [8532:8676:0521/200733.936:ERROR:in_progress_cache_impl.cc(189)] Cache is not initialized, cannot RetrieveEntry.
May 21, 2018 20:07:34.03 [8532:8676:0521/200733.937:ERROR:in_progress_cache_impl.cc(189)] Cache is not initialized, cannot RetrieveEntry.
May 21, 2018 20:07:34.04 [8532:8676:0521/200733.937:ERROR:in_progress_cache_impl.cc(189)] Cache is not initialized, cannot RetrieveEntry.
May 21, 2018 20:07:34.05 [8532:8676:0521/200733.937:ERROR:in_progress_cache_impl.cc(189)] Cache is not initialized, cannot RetrieveEntry.
May 21, 2018 20:07:34.11 [8532:8676:0521/200733.937:ERROR:in_progress_cache_impl.cc(189)] Cache is not initialized, cannot RetrieveEntry.
May 21, 2018 20:07:34.12 [8532:8676:0521/200733.937:ERROR:in_progress_cache_impl.cc(189)] Cache is not initialized, cannot RetrieveEntry.
May 21, 2018 20:07:34.13 [8532:8676:0521/200733.937:ERROR:in_progress_cache_impl.cc(189)] Cache is not initialized, cannot RetrieveEntry.
May 21, 2018 20:07:34.14 [8532:8676:0521/200733.937:ERROR:in_progress_cache_impl.cc(189)] Cache is not initialized, cannot RetrieveEntry.
May 21, 2018 20:07:34.17 [8532:8676:0521/200733.937:ERROR:in_progress_cache_impl.cc(189)] Cache is not initialized, cannot RetrieveEntry.
May 21, 2018 20:07:34.18 [8532:8676:0521/200733.937:ERROR:in_progress_cache_impl.cc(189)] Cache is not initialized, cannot RetrieveEntry.
May 21, 2018 20:07:34.19 [8532:8676:0521/200733.937:ERROR:in_progress_cache_impl.cc(189)] Cache is not initialized, cannot RetrieveEntry.
May 21, 2018 20:07:34.20 [8532:8676:0521/200733.937:ERROR:in_progress_cache_impl.cc(189)] Cache is not initialized, cannot RetrieveEntry.
May 21, 2018 20:07:34.21 [8532:8676:0521/200733.937:ERROR:in_progress_cache_impl.cc(189)] Cache is not initialized, cannot RetrieveEntry.
May 21, 2018 20:07:34.21 [8532:8676:0521/200733.937:ERROR:in_progress_cache_impl.cc(189)] Cache is not initialized, cannot RetrieveEntry.
May 21, 2018 20:07:34.30 [8532:8676:0521/200733.937:ERROR:in_progress_cache_impl.cc(189)] Cache is not initialized, cannot RetrieveEntry.
May 21, 2018 20:07:34.31 [8532:8676:0521/200733.937:ERROR:in_progress_cache_impl.cc(189)] Cache is not initialized, cannot RetrieveEntry.
May 21, 2018 20:07:34.31 [8532:8676:0521/200733.937:ERROR:in_progress_cache_impl.cc(189)] Cache is not initialized, cannot RetrieveEntry.
May 21, 2018 20:07:34.32 [8532:8676:0521/200733.938:ERROR:in_progress_cache_impl.cc(189)] Cache is not initialized, cannot RetrieveEntry.
May 21, 2018 20:07:34.33 [8532:8676:0521/200733.938:ERROR:in_progress_cache_impl.cc(189)] Cache is not initialized, cannot RetrieveEntry.
May 21, 2018 20:07:34.34 [8532:8676:0521/200733.938:ERROR:in_progress_cache_impl.cc(189)] Cache is not initialized, cannot RetrieveEntry.
May 21, 2018 20:07:34.35 [8532:8676:0521/200733.938:ERROR:in_progress_cache_impl.cc(189)] Cache is not initialized, cannot RetrieveEntry.
May 21, 2018 20:07:34.35 [8532:8676:0521/200733.938:ERROR:in_progress_cache_impl.cc(189)] Cache is not initialized, cannot RetrieveEntry.
May 21, 2018 20:07:34.36 [8532:8676:0521/200733.938:ERROR:in_progress_cache_impl.cc(189)] Cache is not initialized, cannot RetrieveEntry.
May 21, 2018 20:07:34.37 [8532:8676:0521/200733.938:ERROR:in_progress_cache_impl.cc(189)] Cache is not initialized, cannot RetrieveEntry.
May 21, 2018 20:07:34.42 [8532:8676:0521/200733.938:ERROR:in_progress_cache_impl.cc(189)] Cache is not initialized, cannot RetrieveEntry.
May 21, 2018 20:07:34.43 [8532:8676:0521/200733.938:ERROR:in_progress_cache_impl.cc(189)] Cache is not initialized, cannot RetrieveEntry.
May 21, 2018 20:07:34.45 [8532:8676:0521/200733.938:ERROR:in_progress_cache_impl.cc(189)] Cache is not initialized, cannot RetrieveEntry.
May 21, 2018 20:07:34.46 [8532:8676:0521/200733.938:ERROR:in_progress_cache_impl.cc(189)] Cache is not initialized, cannot RetrieveEntry.
May 21, 2018 20:07:34.47 [8532:8676:0521/200733.938:ERROR:in_progress_cache_impl.cc(189)] Cache is not initialized, cannot RetrieveEntry.
May 21, 2018 20:07:34.48 [8532:8676:0521/200733.939:ERROR:in_progress_cache_impl.cc(189)] Cache is not initialized, cannot RetrieveEntry.
May 21, 2018 20:07:34.49 [8532:8676:0521/200733.939:ERROR:in_progress_cache_impl.cc(189)] Cache is not initialized, cannot RetrieveEntry.
May 21, 2018 20:07:34.51 [8532:8676:0521/200733.939:ERROR:in_progress_cache_impl.cc(189)] Cache is not initialized, cannot RetrieveEntry.
May 21, 2018 20:07:34.52 [8532:8676:0521/200733.939:ERROR:in_progress_cache_impl.cc(189)] Cache is not initialized, cannot RetrieveEntry.
May 21, 2018 20:07:34.53 [8532:8676:0521/200733.939:ERROR:in_progress_cache_impl.cc(189)] Cache is not initialized, cannot RetrieveEntry.
May 21, 2018 20:07:34.54 [8532:8676:0521/200733.939:ERROR:in_progress_cache_impl.cc(189)] Cache is not initialized, cannot RetrieveEntry.
May 21, 2018 20:07:34.55 [8532:8676:0521/200733.939:ERROR:in_progress_cache_impl.cc(189)] Cache is not initialized, cannot RetrieveEntry.
May 21, 2018 20:07:34.56 [8532:8676:0521/200733.940:ERROR:in_progress_cache_impl.cc(189)] Cache is not initialized, cannot RetrieveEntry.
May 21, 2018 20:07:34.57 [8532:8676:0521/200733.940:ERROR:in_progress_cache_impl.cc(189)] Cache is not initialized, cannot RetrieveEntry.
May 21, 2018 20:07:34.58 [8532:8676:0521/200733.940:ERROR:in_progress_cache_impl.cc(189)] Cache is not initialized, cannot RetrieveEntry.
May 21, 2018 20:07:34.59 [8532:8676:0521/200733.940:ERROR:in_progress_cache_impl.cc(189)] Cache is not initialized, cannot RetrieveEntry.
May 21, 2018 20:07:34.60 [8532:8676:0521/200733.940:ERROR:in_progress_cache_impl.cc(189)] Cache is not initialized, cannot RetrieveEntry.
May 21, 2018 20:07:34.61 [8532:8676:0521/200733.940:ERROR:in_progress_cache_impl.cc(189)] Cache is not initialized, cannot RetrieveEntry.
May 21, 2018 20:07:34.63 [8532:8676:0521/200733.940:ERROR:in_progress_cache_impl.cc(189)] Cache is not initialized, cannot RetrieveEntry.
May 21, 2018 20:07:34.64 [8532:8676:0521/200733.940:ERROR:in_progress_cache_impl.cc(189)] Cache is not initialized, cannot RetrieveEntry.
May 21, 2018 20:07:34.65 [8532:8676:0521/200733.940:ERROR:in_progress_cache_impl.cc(189)] Cache is not initialized, cannot RetrieveEntry.
May 21, 2018 20:07:34.66 [8532:8676:0521/200733.940:ERROR:in_progress_cache_impl.cc(189)] Cache is not initialized, cannot RetrieveEntry.
May 21, 2018 20:07:34.67 [8532:8676:0521/200733.940:ERROR:in_progress_cache_impl.cc(189)] Cache is not initialized, cannot RetrieveEntry.
May 21, 2018 20:07:34.68 [8532:8676:0521/200733.940:ERROR:in_progress_cache_impl.cc(189)] Cache is not initialized, cannot RetrieveEntry.
May 21, 2018 20:07:34.69 [8532:8676:0521/200733.940:ERROR:in_progress_cache_impl.cc(189)] Cache is not initialized, cannot RetrieveEntry.
May 21, 2018 20:07:34.70 [8532:8676:0521/200733.940:ERROR:in_progress_cache_impl.cc(189)] Cache is not initialized, cannot RetrieveEntry.
May 21, 2018 20:07:34.71 [8532:8676:0521/200733.940:ERROR:in_progress_cache_impl.cc(189)] Cache is not initialized, cannot RetrieveEntry.
May 21, 2018 20:07:34.72 [8532:8676:0521/200733.940:ERROR:in_progress_cache_impl.cc(189)] Cache is not initialized, cannot RetrieveEntry.
May 21, 2018 20:07:34.73 [8532:8676:0521/200733.941:ERROR:in_progress_cache_impl.cc(189)] Cache is not initialized, cannot RetrieveEntry.
May 21, 2018 20:07:34.73 [8532:8676:0521/200733.941:ERROR:in_progress_cache_impl.cc(189)] Cache is not initialized, cannot RetrieveEntry.
May 21, 2018 20:07:34.74 [8532:8676:0521/200733.941:ERROR:in_progress_cache_impl.cc(189)] Cache is not initialized, cannot RetrieveEntry.
May 21, 2018 20:07:34.75 [8532:8676:0521/200733.941:ERROR:in_progress_cache_impl.cc(189)] Cache is not initialized, cannot RetrieveEntry.
May 21, 2018 20:07:34.76 [8532:8676:0521/200733.941:ERROR:in_progress_cache_impl.cc(189)] Cache is not initialized, cannot RetrieveEntry.
May 21, 2018 20:07:34.77 [8532:8676:0521/200733.941:ERROR:in_progress_cache_impl.cc(189)] Cache is not initialized, cannot RetrieveEntry.
May 21, 2018 20:07:34.77 [8532:8676:0521/200733.941:ERROR:in_progress_cache_impl.cc(189)] Cache is not initialized, cannot RetrieveEntry.
May 21, 2018 20:07:34.78 [8532:8676:0521/200733.941:ERROR:in_progress_cache_impl.cc(189)] Cache is not initialized, cannot RetrieveEntry.
May 21, 2018 20:07:34.79 [8532:8676:0521/200733.941:ERROR:in_progress_cache_impl.cc(189)] Cache is not initialized, cannot RetrieveEntry.
May 21, 2018 20:07:34.80 [8532:8676:0521/200733.941:ERROR:in_progress_cache_impl.cc(189)] Cache is not initialized, cannot RetrieveEntry.
May 21, 2018 20:07:34.81 [8532:8676:0521/200733.941:ERROR:in_progress_cache_impl.cc(189)] Cache is not initialized, cannot RetrieveEntry.
May 21, 2018 20:07:34.82 [8532:8676:0521/200733.941:ERROR:in_progress_cache_impl.cc(189)] Cache is not initialized, cannot RetrieveEntry.
May 21, 2018 20:07:34.82 [8532:8676:0521/200733.941:ERROR:in_progress_cache_impl.cc(189)] Cache is not initialized, cannot RetrieveEntry.
May 21, 2018 20:07:34.83 [8532:8676:0521/200733.941:ERROR:in_progress_cache_impl.cc(189)] Cache is not initialized, cannot RetrieveEntry.
May 21, 2018 20:07:34.84 [8532:8676:0521/200733.941:ERROR:in_progress_cache_impl.cc(189)] Cache is not initialized, cannot RetrieveEntry.
May 21, 2018 20:07:34.85 [8532:8676:0521/200733.941:ERROR:in_progress_cache_impl.cc(189)] Cache is not initialized, cannot RetrieveEntry.
May 21, 2018 20:07:34.86 [8532:8676:0521/200733.941:ERROR:in_progress_cache_impl.cc(189)] Cache is not initialized, cannot RetrieveEntry.
May 21, 2018 20:07:34.87 [8532:8676:0521/200733.942:ERROR:in_progress_cache_impl.cc(189)] Cache is not initialized, cannot RetrieveEntry.
May 21, 2018 20:07:34.87 [8532:8676:0521/200733.942:ERROR:in_progress_cache_impl.cc(189)] Cache is not initialized, cannot RetrieveEntry.
May 21, 2018 20:07:34.88 [8532:8676:0521/200733.942:ERROR:in_progress_cache_impl.cc(189)] Cache is not initialized, cannot RetrieveEntry.
May 21, 2018 20:07:34.89 [8532:8676:0521/200733.942:ERROR:in_progress_cache_impl.cc(189)] Cache is not initialized, cannot RetrieveEntry.
May 21, 2018 20:07:34.89 [8532:8676:0521/200733.942:ERROR:in_progress_cache_impl.cc(189)] Cache is not initialized, cannot RetrieveEntry.
May 21, 2018 20:07:34.90 [8532:8676:0521/200733.942:ERROR:in_progress_cache_impl.cc(189)] Cache is not initialized, cannot RetrieveEntry.
May 21, 2018 20:07:34.91 [8532:8676:0521/200733.942:ERROR:in_progress_cache_impl.cc(189)] Cache is not initialized, cannot RetrieveEntry.
May 21, 2018 20:07:34.92 [8532:8676:0521/200733.942:ERROR:in_progress_cache_impl.cc(189)] Cache is not initialized, cannot RetrieveEntry.
May 21, 2018 20:07:34.92 [8532:8676:0521/200733.942:ERROR:in_progress_cache_impl.cc(189)] Cache is not initialized, cannot RetrieveEntry.
May 21, 2018 20:07:34.93 [8532:8676:0521/200733.942:ERROR:in_progress_cache_impl.cc(189)] Cache is not initialized, cannot RetrieveEntry.
May 21, 2018 20:07:34.94 [8532:8676:0521/200733.942:ERROR:in_progress_cache_impl.cc(189)] Cache is not initialized, cannot RetrieveEntry.
May 21, 2018 20:07:34.95 [8532:8676:0521/200733.942:ERROR:in_progress_cache_impl.cc(189)] Cache is not initialized, cannot RetrieveEntry.
May 21, 2018 20:07:34.95 [8532:8676:0521/200734.653:ERROR:in_progress_cache_impl.cc(189)] Cache is not initialized, cannot RetrieveEntry.
May 21, 2018 20:07:34.96 [8532:8676:0521/200734.653:ERROR:in_progress_cache_impl.cc(189)] Cache is not initialized, cannot RetrieveEntry.
May 21, 2018 20:07:34.97 [8532:8676:0521/200734.653:ERROR:in_progress_cache_impl.cc(189)] Cache is not initialized, cannot RetrieveEntry.
May 21, 2018 20:07:34.98 [8532:8676:0521/200734.653:ERROR:in_progress_cache_impl.cc(189)] Cache is not initialized, cannot RetrieveEntry.
May 21, 2018 20:07:34.99 [8532:8676:0521/200734.653:ERROR:in_progress_cache_impl.cc(189)] Cache is not initialized, cannot RetrieveEntry.
May 21, 2018 20:07:34.99 [8532:8676:0521/200734.653:ERROR:in_progress_cache_impl.cc(189)] Cache is not initialized, cannot RetrieveEntry.
May 21, 2018 20:07:35.00 [8532:8676:0521/200734.653:ERROR:in_progress_cache_impl.cc(189)] Cache is not initialized, cannot RetrieveEntry.
May 21, 2018 20:07:35.00 [8532:8676:0521/200734.653:ERROR:in_progress_cache_impl.cc(189)] Cache is not initialized, cannot RetrieveEntry.
May 21, 2018 20:07:35.01 [8532:8676:0521/200734.653:ERROR:in_progress_cache_impl.cc(189)] Cache is not initialized, cannot RetrieveEntry.
May 21, 2018 20:07:35.02 [8532:8676:0521/200734.654:ERROR:in_progress_cache_impl.cc(189)] Cache is not initialized, cannot RetrieveEntry.
May 21, 2018 20:07:35.03 [8532:8676:0521/200734.654:ERROR:in_progress_cache_impl.cc(189)] Cache is not initialized, cannot RetrieveEntry.
May 21, 2018 20:07:35.04 [8532:8676:0521/200734.654:ERROR:in_progress_cache_impl.cc(189)] Cache is not initialized, cannot RetrieveEntry.
May 21, 2018 20:07:35.06 [8532:8676:0521/200734.654:ERROR:in_progress_cache_impl.cc(189)] Cache is not initialized, cannot RetrieveEntry.
May 21, 2018 20:07:35.06 [8532:8676:0521/200734.654:ERROR:in_progress_cache_impl.cc(189)] Cache is not initialized, cannot RetrieveEntry.
May 21, 2018 20:07:35.07 [8532:8676:0521/200734.654:ERROR:in_progress_cache_impl.cc(189)] Cache is not initialized, cannot RetrieveEntry.
May 21, 2018 20:07:35.08 [8532:8676:0521/200734.654:ERROR:in_progress_cache_impl.cc(189)] Cache is not initialized, cannot RetrieveEntry.
May 21, 2018 20:07:35.11 [8532:8676:0521/200734.654:ERROR:in_progress_cache_impl.cc(189)] Cache is not initialized, cannot RetrieveEntry.
May 21, 2018 20:07:35.12 [8532:8676:0521/200734.654:ERROR:in_progress_cache_impl.cc(189)] Cache is not initialized, cannot RetrieveEntry.
May 21, 2018 20:07:35.13 [8532:8676:0521/200734.654:ERROR:in_progress_cache_impl.cc(189)] Cache is not initialized, cannot RetrieveEntry.
May 21, 2018 20:07:35.14 [8532:8676:0521/200734.654:ERROR:in_progress_cache_impl.cc(189)] Cache is not initialized, cannot RetrieveEntry.
May 21, 2018 20:07:35.15 [8532:8676:0521/200734.654:ERROR:in_progress_cache_impl.cc(189)] Cache is not initialized, cannot RetrieveEntry.
May 21, 2018 20:07:35.16 [8532:8676:0521/200734.654:ERROR:in_progress_cache_impl.cc(189)] Cache is not initialized, cannot RetrieveEntry.
May 21, 2018 20:07:35.16 [8532:8676:0521/200734.654:ERROR:in_progress_cache_impl.cc(189)] Cache is not initialized, cannot RetrieveEntry.
May 21, 2018 20:07:35.17 [8532:8676:0521/200734.654:ERROR:in_progress_cache_impl.cc(189)] Cache is not initialized, cannot RetrieveEntry.
May 21, 2018 20:07:35.18 [8532:8676:0521/200734.654:ERROR:in_progress_cache_impl.cc(189)] Cache is not initialized, cannot RetrieveEntry.
May 21, 2018 20:07:35.18 [8532:8676:0521/200734.654:ERROR:in_progress_cache_impl.cc(189)] Cache is not initialized, cannot RetrieveEntry.
May 21, 2018 20:07:35.19 [8532:8676:0521/200734.654:ERROR:in_progress_cache_impl.cc(189)] Cache is not initialized, cannot RetrieveEntry.
May 21, 2018 20:07:35.20 [8532:8676:0521/200734.654:ERROR:in_progress_cache_impl.cc(189)] Cache is not initialized, cannot RetrieveEntry.
May 21, 2018 20:07:35.21 [8532:8676:0521/200734.654:ERROR:in_progress_cache_impl.cc(189)] Cache is not initialized, cannot RetrieveEntry.
May 21, 2018 20:07:35.21 [8532:8676:0521/200734.655:ERROR:in_progress_cache_impl.cc(189)] Cache is not initialized, cannot RetrieveEntry.
May 21, 2018 20:07:35.22 [8532:8676:0521/200734.655:ERROR:in_progress_cache_impl.cc(189)] Cache is not initialized, cannot RetrieveEntry.
May 21, 2018 20:07:35.23 [8532:8676:0521/200734.655:ERROR:in_progress_cache_impl.cc(189)] Cache is not initialized, cannot RetrieveEntry.
May 21, 2018 20:07:35.23 [8532:8676:0521/200734.655:ERROR:in_progress_cache_impl.cc(189)] Cache is not initialized, cannot RetrieveEntry.
May 21, 2018 20:07:35.24 [8532:8676:0521/200734.655:ERROR:in_progress_cache_impl.cc(189)] Cache is not initialized, cannot RetrieveEntry.
May 21, 2018 20:07:35.25 [8532:8676:0521/200734.655:ERROR:in_progress_cache_impl.cc(189)] Cache is not initialized, cannot RetrieveEntry.
May 21, 2018 20:07:35.26 [8532:8676:0521/200734.655:ERROR:in_progress_cache_impl.cc(189)] Cache is not initialized, cannot RetrieveEntry.
May 21, 2018 20:07:35.26 [8532:8676:0521/200734.655:ERROR:in_progress_cache_impl.cc(189)] Cache is not initialized, cannot RetrieveEntry.
May 21, 2018 20:07:35.27 [8532:8676:0521/200734.655:ERROR:in_progress_cache_impl.cc(189)] Cache is not initialized, cannot RetrieveEntry.
May 21, 2018 20:07:35.28 [8532:8676:0521/200734.655:ERROR:in_progress_cache_impl.cc(189)] Cache is not initialized, cannot RetrieveEntry.
May 21, 2018 20:07:35.28 [8532:8676:0521/200734.655:ERROR:in_progress_cache_impl.cc(189)] Cache is not initialized, cannot RetrieveEntry.
May 21, 2018 20:07:35.29 [8532:8676:0521/200734.655:ERROR:in_progress_cache_impl.cc(189)] Cache is not initialized, cannot RetrieveEntry.
May 21, 2018 20:07:35.30 [8532:8676:0521/200734.655:ERROR:in_progress_cache_impl.cc(189)] Cache is not initialized, cannot RetrieveEntry.
May 21, 2018 20:07:35.30 [8532:8676:0521/200734.655:ERROR:in_progress_cache_impl.cc(189)] Cache is not initialized, cannot RetrieveEntry.
May 21, 2018 20:07:35.31 [8532:8676:0521/200734.655:ERROR:in_progress_cache_impl.cc(189)] Cache is not initialized, cannot RetrieveEntry.
May 21, 2018 20:07:35.32 [8532:8676:0521/200734.655:ERROR:in_progress_cache_impl.cc(189)] Cache is not initialized, cannot RetrieveEntry.
May 21, 2018 20:07:35.33 [8532:8676:0521/200734.655:ERROR:in_progress_cache_impl.cc(189)] Cache is not initialized, cannot RetrieveEntry.
May 21, 2018 20:07:35.33 [8532:8676:0521/200734.655:ERROR:in_progress_cache_impl.cc(189)] Cache is not initialized, cannot RetrieveEntry.
May 21, 2018 20:07:35.34 [8532:8676:0521/200734.655:ERROR:in_progress_cache_impl.cc(189)] Cache is not initialized, cannot RetrieveEntry.
May 21, 2018 20:07:35.35 [8532:8676:0521/200734.655:ERROR:in_progress_cache_impl.cc(189)] Cache is not initialized, cannot RetrieveEntry.
May 21, 2018 20:07:35.36 [8532:8676:0521/200734.655:ERROR:in_progress_cache_impl.cc(189)] Cache is not initialized, cannot RetrieveEntry.
May 21, 2018 20:07:35.36 [8532:8676:0521/200734.656:ERROR:in_progress_cache_impl.cc(189)] Cache is not initialized, cannot RetrieveEntry.
May 21, 2018 20:07:35.37 [8532:8676:0521/200734.656:ERROR:in_progress_cache_impl.cc(189)] Cache is not initialized, cannot RetrieveEntry.
May 21, 2018 20:07:35.38 [8532:8676:0521/200734.656:ERROR:in_progress_cache_impl.cc(189)] Cache is not initialized, cannot RetrieveEntry.
May 21, 2018 20:07:35.39 [8532:8676:0521/200734.656:ERROR:in_progress_cache_impl.cc(189)] Cache is not initialized, cannot RetrieveEntry.
May 21, 2018 20:07:35.39 [8532:9828:0521/200734.724:ERROR:in_progress_cache_impl.cc(93)] Could not read download entries from file because there was a read failure.
May 21, 2018 20:07:35.40 [8532:8676:0521/200735.129:ERROR:in_progress_cache_impl.cc(189)] Cache is not initialized, cannot RetrieveEntry.
May 21, 2018 20:07:35.41 [8532:8676:0521/200735.129:ERROR:in_progress_cache_impl.cc(189)] Cache is not initialized, cannot RetrieveEntry.
May 21, 2018 20:07:35.42 [8532:8676:0521/200735.129:ERROR:in_progress_cache_impl.cc(189)] Cache is not initialized, cannot RetrieveEntry.
May 21, 2018 20:07:35.43 [8532:8676:0521/200735.129:ERROR:in_progress_cache_impl.cc(189)] Cache is not initialized, cannot RetrieveEntry.
May 21, 2018 20:07:35.44 [8532:8676:0521/200735.129:ERROR:in_progress_cache_impl.cc(189)] Cache is not initialized, cannot RetrieveEntry.
May 21, 2018 20:07:35.44 [8532:8676:0521/200735.129:ERROR:in_progress_cache_impl.cc(189)] Cache is not initialized, cannot RetrieveEntry.
May 21, 2018 20:07:35.45 [8532:8676:0521/200735.129:ERROR:in_progress_cache_impl.cc(189)] Cache is not initialized, cannot RetrieveEntry.
May 21, 2018 20:07:35.46 [8532:8676:0521/200735.129:ERROR:in_progress_cache_impl.cc(189)] Cache is not initialized, cannot RetrieveEntry.
May 21, 2018 20:07:35.46 [8532:8676:0521/200735.129:ERROR:in_progress_cache_impl.cc(189)] Cache is not initialized, cannot RetrieveEntry.
May 21, 2018 20:07:35.47 [8532:8676:0521/200735.129:ERROR:in_progress_cache_impl.cc(189)] Cache is not initialized, cannot RetrieveEntry.
May 21, 2018 20:07:35.48 [8532:8676:0521/200735.129:ERROR:in_progress_cache_impl.cc(189)] Cache is not initialized, cannot RetrieveEntry.
May 21, 2018 20:07:35.48 [8532:8676:0521/200735.129:ERROR:in_progress_cache_impl.cc(189)] Cache is not initialized, cannot RetrieveEntry.
May 21, 2018 20:07:35.49 [8532:8676:0521/200735.129:ERROR:in_progress_cache_impl.cc(189)] Cache is not initialized, cannot RetrieveEntry.
May 21, 2018 20:07:35.50 [8532:8676:0521/200735.129:ERROR:in_progress_cache_impl.cc(189)] Cache is not initialized, cannot RetrieveEntry.
May 21, 2018 20:07:35.51 [8532:8676:0521/200735.129:ERROR:in_progress_cache_impl.cc(189)] Cache is not initialized, cannot RetrieveEntry.
May 21, 2018 20:07:35.51 [8532:8676:0521/200735.129:ERROR:in_progress_cache_impl.cc(189)] Cache is not initialized, cannot RetrieveEntry.
May 21, 2018 20:07:35.52 [8532:8676:0521/200735.129:ERROR:in_progress_cache_impl.cc(189)] Cache is not initialized, cannot RetrieveEntry.
May 21, 2018 20:07:35.53 [8532:8676:0521/200735.129:ERROR:in_progress_cache_impl.cc(189)] Cache is not initialized, cannot RetrieveEntry.
May 21, 2018 20:07:35.54 [8532:8676:0521/200735.130:ERROR:in_progress_cache_impl.cc(189)] Cache is not initialized, cannot RetrieveEntry.
May 21, 2018 20:07:35.54 [8532:8676:0521/200735.130:ERROR:in_progress_cache_impl.cc(189)] Cache is not initialized, cannot RetrieveEntry.
May 21, 2018 20:07:35.55 [8532:8676:0521/200735.130:ERROR:in_progress_cache_impl.cc(189)] Cache is not initialized, cannot RetrieveEntry.
May 21, 2018 20:07:35.56 [8532:8676:0521/200735.130:ERROR:in_progress_cache_impl.cc(189)] Cache is not initialized, cannot RetrieveEntry.
May 21, 2018 20:07:35.56 [8532:8676:0521/200735.130:ERROR:in_progress_cache_impl.cc(189)] Cache is not initialized, cannot RetrieveEntry.
May 21, 2018 20:07:35.57 [8532:8676:0521/200735.130:ERROR:in_progress_cache_impl.cc(189)] Cache is not initialized, cannot RetrieveEntry.
May 21, 2018 20:07:35.58 [8532:8676:0521/200735.130:ERROR:in_progress_cache_impl.cc(189)] Cache is not initialized, cannot RetrieveEntry.
May 21, 2018 20:07:35.59 [8532:8676:0521/200735.130:ERROR:in_progress_cache_impl.cc(189)] Cache is not initialized, cannot RetrieveEntry.
May 21, 2018 20:07:35.59 [8532:8676:0521/200735.130:ERROR:in_progress_cache_impl.cc(189)] Cache is not initialized, cannot RetrieveEntry.
May 21, 2018 20:07:35.60 [8532:8676:0521/200735.130:ERROR:in_progress_cache_impl.cc(189)] Cache is not initialized, cannot RetrieveEntry.
May 21, 2018 20:07:35.61 [8532:8676:0521/200735.130:ERROR:in_progress_cache_impl.cc(189)] Cache is not initialized, cannot RetrieveEntry.
May 21, 2018 20:07:35.62 [8532:8676:0521/200735.130:ERROR:in_progress_cache_impl.cc(189)] Cache is not initialized, cannot RetrieveEntry.
May 21, 2018 20:07:35.62 [8532:8676:0521/200735.130:ERROR:in_progress_cache_impl.cc(189)] Cache is not initialized, cannot RetrieveEntry.
May 21, 2018 20:07:35.63 [8532:8676:0521/200735.130:ERROR:in_progress_cache_impl.cc(189)] Cache is not initialized, cannot RetrieveEntry.
May 21, 2018 20:07:35.64 [8532:8676:0521/200735.130:ERROR:in_progress_cache_impl.cc(189)] Cache is not initialized, cannot RetrieveEntry.
May 21, 2018 20:07:35.64 [8532:8676:0521/200735.130:ERROR:in_progress_cache_impl.cc(189)] Cache is not initialized, cannot RetrieveEntry.
May 21, 2018 20:07:35.65 [8532:8676:0521/200735.130:ERROR:in_progress_cache_impl.cc(189)] Cache is not initialized, cannot RetrieveEntry.
May 21, 2018 20:07:35.66 [8532:8676:0521/200735.130:ERROR:in_progress_cache_impl.cc(189)] Cache is not initialized, cannot RetrieveEntry.
May 21, 2018 20:07:35.66 [8532:8676:0521/200735.130:ERROR:in_progress_cache_impl.cc(189)] Cache is not initialized, cannot RetrieveEntry.
May 21, 2018 20:07:35.67 [8532:8676:0521/200735.406:ERROR:in_progress_cache_impl.cc(189)] Cache is not initialized, cannot RetrieveEntry.
May 21, 2018 20:07:35.68 [8532:8676:0521/200735.406:ERROR:in_progress_cache_impl.cc(189)] Cache is not initialized, cannot RetrieveEntry.
May 21, 2018 20:07:35.69 [8532:8676:0521/200735.406:ERROR:in_progress_cache_impl.cc(189)] Cache is not initialized, cannot RetrieveEntry.
May 21, 2018 20:07:35.69 [8532:8676:0521/200735.406:ERROR:in_progress_cache_impl.cc(189)] Cache is not initialized, cannot RetrieveEntry.
May 21, 2018 20:07:35.70 [8532:8676:0521/200735.406:ERROR:in_progress_cache_impl.cc(189)] Cache is not initialized, cannot RetrieveEntry.
May 21, 2018 20:07:35.71 [8532:8676:0521/200735.406:ERROR:in_progress_cache_impl.cc(189)] Cache is not initialized, cannot RetrieveEntry.
May 21, 2018 20:07:35.71 [8532:8676:0521/200735.406:ERROR:in_progress_cache_impl.cc(189)] Cache is not initialized, cannot RetrieveEntry.
May 21, 2018 20:07:35.72 [8532:8676:0521/200735.406:ERROR:in_progress_cache_impl.cc(189)] Cache is not initialized, cannot RetrieveEntry.
May 21, 2018 20:07:35.73 [8532:8676:0521/200735.406:ERROR:in_progress_cache_impl.cc(189)] Cache is not initialized, cannot RetrieveEntry.
May 21, 2018 20:07:35.74 [8532:8676:0521/200735.406:ERROR:in_progress_cache_impl.cc(189)] Cache is not initialized, cannot RetrieveEntry.
May 21, 2018 20:07:35.74 [8532:8676:0521/200735.406:ERROR:in_progress_cache_impl.cc(189)] Cache is not initialized, cannot RetrieveEntry.
May 21, 2018 20:07:35.75 [8532:8676:0521/200735.406:ERROR:in_progress_cache_impl.cc(189)] Cache is not initialized, cannot RetrieveEntry.
May 21, 2018 20:07:35.76 [8532:8676:0521/200735.406:ERROR:in_progress_cache_impl.cc(189)] Cache is not initialized, cannot RetrieveEntry.
May 21, 2018 20:07:35.76 [8532:8676:0521/200735.407:ERROR:in_progress_cache_impl.cc(189)] Cache is not initialized, cannot RetrieveEntry.
May 21, 2018 20:07:35.77 [8532:8676:0521/200735.407:ERROR:in_progress_cache_impl.cc(189)] Cache is not initialized, cannot RetrieveEntry.
May 21, 2018 20:07:35.78 [8532:8676:0521/200735.407:ERROR:in_progress_cache_impl.cc(189)] Cache is not initialized, cannot RetrieveEntry.
May 21, 2018 20:07:35.78 [8532:8676:0521/200735.407:ERROR:in_progress_cache_impl.cc(189)] Cache is not initialized, cannot RetrieveEntry.
May 21, 2018 20:07:35.79 [8532:8676:0521/200735.407:ERROR:in_progress_cache_impl.cc(189)] Cache is not initialized, cannot RetrieveEntry.
May 21, 2018 20:07:35.80 [8532:8676:0521/200735.407:ERROR:in_progress_cache_impl.cc(189)] Cache is not initialized, cannot RetrieveEntry.
May 21, 2018 20:07:35.80 [8532:8676:0521/200735.407:ERROR:in_progress_cache_impl.cc(189)] Cache is not initialized, cannot RetrieveEntry.
May 21, 2018 20:07:35.81 [8532:8676:0521/200735.407:ERROR:in_progress_cache_impl.cc(189)] Cache is not initialized, cannot RetrieveEntry.
May 21, 2018 20:07:35.82 [8532:8676:0521/200735.407:ERROR:in_progress_cache_impl.cc(189)] Cache is not initialized, cannot RetrieveEntry.
May 21, 2018 20:07:35.82 [8532:8676:0521/200735.407:ERROR:in_progress_cache_impl.cc(189)] Cache is not initialized, cannot RetrieveEntry.
May 21, 2018 20:07:35.83 [8532:8676:0521/200735.407:ERROR:in_progress_cache_impl.cc(189)] Cache is not initialized, cannot RetrieveEntry.
May 21, 2018 20:07:35.84 [8532:8676:0521/200735.407:ERROR:in_progress_cache_impl.cc(189)] Cache is not initialized, cannot RetrieveEntry.
May 21, 2018 20:07:35.85 [8532:8676:0521/200735.407:ERROR:in_progress_cache_impl.cc(189)] Cache is not initialized, cannot RetrieveEntry.
May 21, 2018 20:07:35.85 [8532:8676:0521/200735.407:ERROR:in_progress_cache_impl.cc(189)] Cache is not initialized, cannot RetrieveEntry.
May 21, 2018 20:07:35.86 [8532:8676:0521/200735.407:ERROR:in_progress_cache_impl.cc(189)] Cache is not initialized, cannot RetrieveEntry.
May 21, 2018 20:07:35.87 [8532:8676:0521/200735.407:ERROR:in_progress_cache_impl.cc(189)] Cache is not initialized, cannot RetrieveEntry.
May 21, 2018 20:07:35.87 [8532:8676:0521/200735.407:ERROR:in_progress_cache_impl.cc(189)] Cache is not initialized, cannot RetrieveEntry.
May 21, 2018 20:07:35.88 [8532:8676:0521/200735.407:ERROR:in_progress_cache_impl.cc(189)] Cache is not initialized, cannot RetrieveEntry.
May 21, 2018 20:07:35.89 [8532:8676:0521/200735.407:ERROR:in_progress_cache_impl.cc(189)] Cache is not initialized, cannot RetrieveEntry.
May 21, 2018 20:07:35.89 [8532:8676:0521/200735.407:ERROR:in_progress_cache_impl.cc(189)] Cache is not initialized, cannot RetrieveEntry.
May 21, 2018 20:07:35.90 [8532:8676:0521/200735.408:ERROR:in_progress_cache_impl.cc(189)] Cache is not initialized, cannot RetrieveEntry.
May 21, 2018 20:07:35.91 [8532:8676:0521/200735.408:ERROR:in_progress_cache_impl.cc(189)] Cache is not initialized, cannot RetrieveEntry.
May 21, 2018 20:07:35.91 [8532:8676:0521/200735.408:ERROR:in_progress_cache_impl.cc(189)] Cache is not initialized, cannot RetrieveEntry.
May 21, 2018 20:07:35.92 [8532:8676:0521/200735.408:ERROR:in_progress_cache_impl.cc(189)] Cache is not initialized, cannot RetrieveEntry.
May 21, 2018 20:07:35.93 [8532:8676:0521/200735.675:ERROR:in_progress_cache_impl.cc(189)] Cache is not initialized, cannot RetrieveEntry.
May 21, 2018 20:07:35.93 [8532:8676:0521/200735.675:ERROR:in_progress_cache_impl.cc(189)] Cache is not initialized, cannot RetrieveEntry.
May 21, 2018 20:07:35.94 [8532:8676:0521/200735.675:ERROR:in_progress_cache_impl.cc(189)] Cache is not initialized, cannot RetrieveEntry.
May 21, 2018 20:07:35.94 [8532:8676:0521/200735.675:ERROR:in_progress_cache_impl.cc(189)] Cache is not initialized, cannot RetrieveEntry.
May 21, 2018 20:07:35.95 [8532:8676:0521/200735.675:ERROR:in_progress_cache_impl.cc(189)] Cache is not initialized, cannot RetrieveEntry.
May 21, 2018 20:07:35.96 [8532:8676:0521/200735.675:ERROR:in_progress_cache_impl.cc(189)] Cache is not initialized, cannot RetrieveEntry.
May 21, 2018 20:07:35.96 [8532:8676:0521/200735.675:ERROR:in_progress_cache_impl.cc(189)] Cache is not initialized, cannot RetrieveEntry.
May 21, 2018 20:07:35.97 [8532:8676:0521/200735.675:ERROR:in_progress_cache_impl.cc(189)] Cache is not initialized, cannot RetrieveEntry.
May 21, 2018 20:07:35.98 [8532:8676:0521/200735.675:ERROR:in_progress_cache_impl.cc(189)] Cache is not initialized, cannot RetrieveEntry.
May 21, 2018 20:07:35.99 [8532:8676:0521/200735.675:ERROR:in_progress_cache_impl.cc(189)] Cache is not initialized, cannot RetrieveEntry.
May 21, 2018 20:07:36.00 [8532:8676:0521/200735.675:ERROR:in_progress_cache_impl.cc(189)] Cache is not initialized, cannot RetrieveEntry.
May 21, 2018 20:07:36.01 [8532:8676:0521/200735.675:ERROR:in_progress_cache_impl.cc(189)] Cache is not initialized, cannot RetrieveEntry.
May 21, 2018 20:07:36.02 [8532:8676:0521/200735.677:ERROR:in_progress_cache_impl.cc(189)] Cache is not initialized, cannot RetrieveEntry.
May 21, 2018 20:07:36.03 [8532:8676:0521/200735.677:ERROR:in_progress_cache_impl.cc(189)] Cache is not initialized, cannot RetrieveEntry.
May 21, 2018 20:07:36.04 [8532:8676:0521/200735.677:ERROR:in_progress_cache_impl.cc(189)] Cache is not initialized, cannot RetrieveEntry.
May 21, 2018 20:07:36.04 [8532:8676:0521/200735.677:ERROR:in_progress_cache_impl.cc(189)] Cache is not initialized, cannot RetrieveEntry.
May 21, 2018 20:07:36.05 [8532:8676:0521/200735.678:ERROR:in_progress_cache_impl.cc(189)] Cache is not initialized, cannot RetrieveEntry.
May 21, 2018 20:07:36.06 [8532:8676:0521/200735.678:ERROR:in_progress_cache_impl.cc(189)] Cache is not initialized, cannot RetrieveEntry.
May 21, 2018 20:07:36.07 [8532:8676:0521/200735.678:ERROR:in_progress_cache_impl.cc(189)] Cache is not initialized, cannot RetrieveEntry.
May 21, 2018 20:07:36.07 [8532:8676:0521/200735.678:ERROR:in_progress_cache_impl.cc(189)] Cache is not initialized, cannot RetrieveEntry.
May 21, 2018 20:07:36.08 [8532:8676:0521/200735.678:ERROR:in_progress_cache_impl.cc(189)] Cache is not initialized, cannot RetrieveEntry.
May 21, 2018 20:07:36.09 [8532:8676:0521/200735.678:ERROR:in_progress_cache_impl.cc(189)] Cache is not initialized, cannot RetrieveEntry.
May 21, 2018 20:07:36.09 [8532:8676:0521/200735.678:ERROR:in_progress_cache_impl.cc(189)] Cache is not initialized, cannot RetrieveEntry.
May 21, 2018 20:07:36.10 [8532:8676:0521/200735.678:ERROR:in_progress_cache_impl.cc(189)] Cache is not initialized, cannot RetrieveEntry.
May 21, 2018 20:07:36.11 [8532:8676:0521/200735.678:ERROR:in_progress_cache_impl.cc(189)] Cache is not initialized, cannot RetrieveEntry.
May 21, 2018 20:07:36.11 [8532:8676:0521/200735.678:ERROR:in_progress_cache_impl.cc(189)] Cache is not initialized, cannot RetrieveEntry.
May 21, 2018 20:07:36.12 [8532:8676:0521/200735.678:ERROR:in_progress_cache_impl.cc(189)] Cache is not initialized, cannot RetrieveEntry.
May 21, 2018 20:07:36.12 [8532:8676:0521/200735.678:ERROR:in_progress_cache_impl.cc(189)] Cache is not initialized, cannot RetrieveEntry.
May 21, 2018 20:07:36.13 [8532:8676:0521/200735.678:ERROR:in_progress_cache_impl.cc(189)] Cache is not initialized, cannot RetrieveEntry.
May 21, 2018 20:07:36.14 [8532:8676:0521/200735.678:ERROR:in_progress_cache_impl.cc(189)] Cache is not initialized, cannot RetrieveEntry.
May 21, 2018 20:07:36.14 [8532:8676:0521/200735.678:ERROR:in_progress_cache_impl.cc(189)] Cache is not initialized, cannot RetrieveEntry.
May 21, 2018 20:07:36.15 [8532:8676:0521/200735.678:ERROR:in_progress_cache_impl.cc(189)] Cache is not initialized, cannot RetrieveEntry.
May 21, 2018 20:07:36.16 [8532:8676:0521/200735.678:ERROR:in_progress_cache_impl.cc(189)] Cache is not initialized, cannot RetrieveEntry.
May 21, 2018 20:07:36.16 [8532:8676:0521/200735.678:ERROR:in_progress_cache_impl.cc(189)] Cache is not initialized, cannot RetrieveEntry.
May 21, 2018 20:07:36.17 [8532:8676:0521/200735.678:ERROR:in_progress_cache_impl.cc(189)] Cache is not initialized, cannot RetrieveEntry.
May 21, 2018 20:07:36.17 [8532:8676:0521/200735.678:ERROR:in_progress_cache_impl.cc(189)] Cache is not initialized, cannot RetrieveEntry.
May 21, 2018 20:07:36.18 [8532:8676:0521/200735.679:ERROR:in_progress_cache_impl.cc(189)] Cache is not initialized, cannot RetrieveEntry.
May 21, 2018 20:07:36.19 [8532:8676:0521/200735.929:ERROR:in_progress_cache_impl.cc(189)] Cache is not initialized, cannot RetrieveEntry.
May 21, 2018 20:07:36.19 [8532:8676:0521/200735.929:ERROR:in_progress_cache_impl.cc(189)] Cache is not initialized, cannot RetrieveEntry.
May 21, 2018 20:07:36.20 [8532:8676:0521/200735.929:ERROR:in_progress_cache_impl.cc(189)] Cache is not initialized, cannot RetrieveEntry.
May 21, 2018 20:07:36.20 [8532:8676:0521/200735.930:ERROR:in_progress_cache_impl.cc(189)] Cache is not initialized, cannot RetrieveEntry.
May 21, 2018 20:07:36.21 [8532:8676:0521/200735.930:ERROR:in_progress_cache_impl.cc(189)] Cache is not initialized, cannot RetrieveEntry.
May 21, 2018 20:07:36.22 [8532:8676:0521/200735.930:ERROR:in_progress_cache_impl.cc(189)] Cache is not initialized, cannot RetrieveEntry.
May 21, 2018 20:07:36.22 [8532:8676:0521/200735.930:ERROR:in_progress_cache_impl.cc(189)] Cache is not initialized, cannot RetrieveEntry.
May 21, 2018 20:07:36.23 [8532:8676:0521/200735.930:ERROR:in_progress_cache_impl.cc(189)] Cache is not initialized, cannot RetrieveEntry.
May 21, 2018 20:07:36.23 [8532:8676:0521/200735.930:ERROR:in_progress_cache_impl.cc(189)] Cache is not initialized, cannot RetrieveEntry.
May 21, 2018 20:07:36.24 [8532:8676:0521/200735.930:ERROR:in_progress_cache_impl.cc(189)] Cache is not initialized, cannot RetrieveEntry.
May 21, 2018 20:07:36.24 [8532:8676:0521/200735.930:ERROR:in_progress_cache_impl.cc(189)] Cache is not initialized, cannot RetrieveEntry.
May 21, 2018 20:07:36.25 [8532:8676:0521/200735.930:ERROR:in_progress_cache_impl.cc(189)] Cache is not initialized, cannot RetrieveEntry.
May 21, 2018 20:07:36.26 [8532:8676:0521/200735.930:ERROR:in_progress_cache_impl.cc(189)] Cache is not initialized, cannot RetrieveEntry.
May 21, 2018 20:07:36.26 [8532:8676:0521/200735.930:ERROR:in_progress_cache_impl.cc(189)] Cache is not initialized, cannot RetrieveEntry.
May 21, 2018 20:07:36.27 [8532:8676:0521/200735.930:ERROR:in_progress_cache_impl.cc(189)] Cache is not initialized, cannot RetrieveEntry.
May 21, 2018 20:07:36.28 [8532:8676:0521/200735.930:ERROR:in_progress_cache_impl.cc(189)] Cache is not initialized, cannot RetrieveEntry.
May 21, 2018 20:07:36.28 [8532:8676:0521/200735.930:ERROR:in_progress_cache_impl.cc(189)] Cache is not initialized, cannot RetrieveEntry.
May 21, 2018 20:07:36.29 [8532:8676:0521/200735.930:ERROR:in_progress_cache_impl.cc(189)] Cache is not initialized, cannot RetrieveEntry.
May 21, 2018 20:07:36.30 [8532:8676:0521/200735.930:ERROR:in_progress_cache_impl.cc(189)] Cache is not initialized, cannot RetrieveEntry.
May 21, 2018 20:07:36.30 [8532:8676:0521/200735.930:ERROR:in_progress_cache_impl.cc(189)] Cache is not initialized, cannot RetrieveEntry.
May 21, 2018 20:07:36.31 [8532:8676:0521/200735.930:ERROR:in_progress_cache_impl.cc(189)] Cache is not initialized, cannot RetrieveEntry.
May 21, 2018 20:07:36.31 [8532:8676:0521/200735.930:ERROR:in_progress_cache_impl.cc(189)] Cache is not initialized, cannot RetrieveEntry.
May 21, 2018 20:07:36.32 [8532:8676:0521/200735.930:ERROR:in_progress_cache_impl.cc(189)] Cache is not initialized, cannot RetrieveEntry.
May 21, 2018 20:07:36.33 [8532:8676:0521/200735.930:ERROR:in_progress_cache_impl.cc(189)] Cache is not initialized, cannot RetrieveEntry.
May 21, 2018 20:07:36.34 [8532:8676:0521/200735.930:ERROR:in_progress_cache_impl.cc(189)] Cache is not initialized, cannot RetrieveEntry.
May 21, 2018 20:07:36.34 [8532:8676:0521/200735.930:ERROR:in_progress_cache_impl.cc(189)] Cache is not initialized, cannot RetrieveEntry.
May 21, 2018 20:07:36.35 [8532:8676:0521/200735.930:ERROR:in_progress_cache_impl.cc(189)] Cache is not initialized, cannot RetrieveEntry.
May 21, 2018 20:07:36.36 [8532:8676:0521/200735.930:ERROR:in_progress_cache_impl.cc(189)] Cache is not initialized, cannot RetrieveEntry.
May 21, 2018 20:07:36.36 [8532:8676:0521/200735.930:ERROR:in_progress_cache_impl.cc(189)] Cache is not initialized, cannot RetrieveEntry.
May 21, 2018 20:07:36.37 [8532:8676:0521/200735.930:ERROR:in_progress_cache_impl.cc(189)] Cache is not initialized, cannot RetrieveEntry.
May 21, 2018 20:07:36.38 [8532:8676:0521/200735.930:ERROR:in_progress_cache_impl.cc(189)] Cache is not initialized, cannot RetrieveEntry.
May 21, 2018 20:07:36.38 [8532:8676:0521/200735.930:ERROR:in_progress_cache_impl.cc(189)] Cache is not initialized, cannot RetrieveEntry.
May 21, 2018 20:07:36.39 [8532:8676:0521/200735.930:ERROR:in_progress_cache_impl.cc(189)] Cache is not initialized, cannot RetrieveEntry.
May 21, 2018 20:07:36.40 [8532:8676:0521/200735.931:ERROR:in_progress_cache_impl.cc(189)] Cache is not initialized, cannot RetrieveEntry.
May 21, 2018 20:07:36.40 [8532:8676:0521/200735.931:ERROR:in_progress_cache_impl.cc(189)] Cache is not initialized, cannot RetrieveEntry.
May 21, 2018 20:07:36.41 [8532:8676:0521/200735.931:ERROR:in_progress_cache_impl.cc(189)] Cache is not initialized, cannot RetrieveEntry.
May 21, 2018 20:07:36.41 [8532:8676:0521/200735.931:ERROR:in_progress_cache_impl.cc(189)] Cache is not initialized, cannot RetrieveEntry.
May 21, 2018 20:07:36.42 [8532:8676:0521/200736.190:ERROR:in_progress_cache_impl.cc(189)] Cache is not initialized, cannot RetrieveEntry.
May 21, 2018 20:07:36.43 [8532:8676:0521/200736.190:ERROR:in_progress_cache_impl.cc(189)] Cache is not initialized, cannot RetrieveEntry.
May 21, 2018 20:07:36.44 [8532:8676:0521/200736.190:ERROR:in_progress_cache_impl.cc(189)] Cache is not initialized, cannot RetrieveEntry.
May 21, 2018 20:07:36.44 [8532:8676:0521/200736.190:ERROR:in_progress_cache_impl.cc(189)] Cache is not initialized, cannot RetrieveEntry.
May 21, 2018 20:07:36.45 [8532:8676:0521/200736.190:ERROR:in_progress_cache_impl.cc(189)] Cache is not initialized, cannot RetrieveEntry.
May 21, 2018 20:07:36.45 [8532:8676:0521/200736.190:ERROR:in_progress_cache_impl.cc(189)] Cache is not initialized, cannot RetrieveEntry.
May 21, 2018 20:07:36.46 [8532:8676:0521/200736.190:ERROR:in_progress_cache_impl.cc(189)] Cache is not initialized, cannot RetrieveEntry.
May 21, 2018 20:07:36.47 [8532:8676:0521/200736.190:ERROR:in_progress_cache_impl.cc(189)] Cache is not initialized, cannot RetrieveEntry.
May 21, 2018 20:07:36.47 [8532:8676:0521/200736.190:ERROR:in_progress_cache_impl.cc(189)] Cache is not initialized, cannot RetrieveEntry.
May 21, 2018 20:07:36.48 [8532:8676:0521/200736.190:ERROR:in_progress_cache_impl.cc(189)] Cache is not initialized, cannot RetrieveEntry.
May 21, 2018 20:07:36.49 [8532:8676:0521/200736.190:ERROR:in_progress_cache_impl.cc(189)] Cache is not initialized, cannot RetrieveEntry.
May 21, 2018 20:07:36.49 [8532:8676:0521/200736.190:ERROR:in_progress_cache_impl.cc(189)] Cache is not initialized, cannot RetrieveEntry.
May 21, 2018 20:07:36.50 [8532:8676:0521/200736.190:ERROR:in_progress_cache_impl.cc(189)] Cache is not initialized, cannot RetrieveEntry.
May 21, 2018 20:07:36.50 [8532:8676:0521/200736.190:ERROR:in_progress_cache_impl.cc(189)] Cache is not initialized, cannot RetrieveEntry.
May 21, 2018 20:07:36.51 [8532:8676:0521/200736.190:ERROR:in_progress_cache_impl.cc(189)] Cache is not initialized, cannot RetrieveEntry.
May 21, 2018 20:07:36.52 [8532:8676:0521/200736.190:ERROR:in_progress_cache_impl.cc(189)] Cache is not initialized, cannot RetrieveEntry.
May 21, 2018 20:07:36.52 [8532:8676:0521/200736.190:ERROR:in_progress_cache_impl.cc(189)] Cache is not initialized, cannot RetrieveEntry.
May 21, 2018 20:07:36.53 [8532:8676:0521/200736.190:ERROR:in_progress_cache_impl.cc(189)] Cache is not initialized, cannot RetrieveEntry.
May 21, 2018 20:07:36.53 [8532:8676:0521/200736.191:ERROR:in_progress_cache_impl.cc(189)] Cache is not initialized, cannot RetrieveEntry.
May 21, 2018 20:07:36.54 [8532:8676:0521/200736.191:ERROR:in_progress_cache_impl.cc(189)] Cache is not initialized, cannot RetrieveEntry.
May 21, 2018 20:07:36.55 [8532:8676:0521/200736.191:ERROR:in_progress_cache_impl.cc(189)] Cache is not initialized, cannot RetrieveEntry.
May 21, 2018 20:07:36.55 [8532:8676:0521/200736.191:ERROR:in_progress_cache_impl.cc(189)] Cache is not initialized, cannot RetrieveEntry.
May 21, 2018 20:07:36.56 [8532:8676:0521/200736.191:ERROR:in_progress_cache_impl.cc(189)] Cache is not initialized, cannot RetrieveEntry.
May 21, 2018 20:07:36.56 [8532:8676:0521/200736.191:ERROR:in_progress_cache_impl.cc(189)] Cache is not initialized, cannot RetrieveEntry.
May 21, 2018 20:07:36.57 [8532:8676:0521/200736.191:ERROR:in_progress_cache_impl.cc(189)] Cache is not initialized, cannot RetrieveEntry.
May 21, 2018 20:07:36.58 [8532:8676:0521/200736.191:ERROR:in_progress_cache_impl.cc(189)] Cache is not initialized, cannot RetrieveEntry.
May 21, 2018 20:07:36.58 [8532:8676:0521/200736.191:ERROR:in_progress_cache_impl.cc(189)] Cache is not initialized, cannot RetrieveEntry.
May 21, 2018 20:07:36.59 [8532:8676:0521/200736.191:ERROR:in_progress_cache_impl.cc(189)] Cache is not initialized, cannot RetrieveEntry.
May 21, 2018 20:07:36.60 [8532:8676:0521/200736.191:ERROR:in_progress_cache_impl.cc(189)] Cache is not initialized, cannot RetrieveEntry.
May 21, 2018 20:07:36.60 [8532:8676:0521/200736.191:ERROR:in_progress_cache_impl.cc(189)] Cache is not initialized, cannot RetrieveEntry.
May 21, 2018 20:07:36.61 [8532:8676:0521/200736.191:ERROR:in_progress_cache_impl.cc(189)] Cache is not initialized, cannot RetrieveEntry.
May 21, 2018 20:07:36.61 [8532:8676:0521/200736.191:ERROR:in_progress_cache_impl.cc(189)] Cache is not initialized, cannot RetrieveEntry.
May 21, 2018 20:07:36.62 [8532:8676:0521/200736.191:ERROR:in_progress_cache_impl.cc(189)] Cache is not initialized, cannot RetrieveEntry.
May 21, 2018 20:07:36.63 [8532:8676:0521/200736.191:ERROR:in_progress_cache_impl.cc(189)] Cache is not initialized, cannot RetrieveEntry.
May 21, 2018 20:07:36.63 [8532:8676:0521/200736.191:ERROR:in_progress_cache_impl.cc(189)] Cache is not initialized, cannot RetrieveEntry.
May 21, 2018 20:07:36.64 [8532:8676:0521/200736.191:ERROR:in_progress_cache_impl.cc(189)] Cache is not initialized, cannot RetrieveEntry.
May 21, 2018 20:07:36.64 [8532:8676:0521/200736.191:ERROR:in_progress_cache_impl.cc(189)] Cache is not initialized, cannot RetrieveEntry.
May 21, 2018 20:07:36.65 [8532:8676:0521/200736.427:ERROR:in_progress_cache_impl.cc(189)] Cache is not initialized, cannot RetrieveEntry.
May 21, 2018 20:07:36.66 [8532:8676:0521/200736.427:ERROR:in_progress_cache_impl.cc(189)] Cache is not initialized, cannot RetrieveEntry.
May 21, 2018 20:07:36.66 [8532:8676:0521/200736.427:ERROR:in_progress_cache_impl.cc(189)] Cache is not initialized, cannot RetrieveEntry.
May 21, 2018 20:07:36.67 [8532:8676:0521/200736.427:ERROR:in_progress_cache_impl.cc(189)] Cache is not initialized, cannot RetrieveEntry.
May 21, 2018 20:07:36.68 [8532:8676:0521/200736.427:ERROR:in_progress_cache_impl.cc(189)] Cache is not initialized, cannot RetrieveEntry.
May 21, 2018 20:07:36.68 [8532:8676:0521/200736.427:ERROR:in_progress_cache_impl.cc(189)] Cache is not initialized, cannot RetrieveEntry.
May 21, 2018 20:07:36.69 [8532:8676:0521/200736.427:ERROR:in_progress_cache_impl.cc(189)] Cache is not initialized, cannot RetrieveEntry.
May 21, 2018 20:07:36.70 [8532:8676:0521/200736.427:ERROR:in_progress_cache_impl.cc(189)] Cache is not initialized, cannot RetrieveEntry.
May 21, 2018 20:07:36.70 [8532:8676:0521/200736.427:ERROR:in_progress_cache_impl.cc(189)] Cache is not initialized, cannot RetrieveEntry.
May 21, 2018 20:07:36.71 [8532:8676:0521/200736.428:ERROR:in_progress_cache_impl.cc(189)] Cache is not initialized, cannot RetrieveEntry.
May 21, 2018 20:07:36.71 [8532:8676:0521/200736.428:ERROR:in_progress_cache_impl.cc(189)] Cache is not initialized, cannot RetrieveEntry.
May 21, 2018 20:07:36.72 [8532:8676:0521/200736.428:ERROR:in_progress_cache_impl.cc(189)] Cache is not initialized, cannot RetrieveEntry.
May 21, 2018 20:07:36.73 [8532:8676:0521/200736.428:ERROR:in_progress_cache_impl.cc(189)] Cache is not initialized, cannot RetrieveEntry.
May 21, 2018 20:07:36.73 [8532:8676:0521/200736.428:ERROR:in_progress_cache_impl.cc(189)] Cache is not initialized, cannot RetrieveEntry.
May 21, 2018 20:07:36.74 [8532:8676:0521/200736.428:ERROR:in_progress_cache_impl.cc(189)] Cache is not initialized, cannot RetrieveEntry.
May 21, 2018 20:07:36.74 [8532:8676:0521/200736.428:ERROR:in_progress_cache_impl.cc(189)] Cache is not initialized, cannot RetrieveEntry.
May 21, 2018 20:07:36.75 [8532:8676:0521/200736.428:ERROR:in_progress_cache_impl.cc(189)] Cache is not initialized, cannot RetrieveEntry.
May 21, 2018 20:07:36.76 [8532:8676:0521/200736.428:ERROR:in_progress_cache_impl.cc(189)] Cache is not initialized, cannot RetrieveEntry.
May 21, 2018 20:07:36.76 [8532:8676:0521/200736.428:ERROR:in_progress_cache_impl.cc(189)] Cache is not initialized, cannot RetrieveEntry.
May 21, 2018 20:07:36.77 [8532:8676:0521/200736.428:ERROR:in_progress_cache_impl.cc(189)] Cache is not initialized, cannot RetrieveEntry.
May 21, 2018 20:07:36.77 [8532:8676:0521/200736.428:ERROR:in_progress_cache_impl.cc(189)] Cache is not initialized, cannot RetrieveEntry.
May 21, 2018 20:07:36.78 [8532:8676:0521/200736.428:ERROR:in_progress_cache_impl.cc(189)] Cache is not initialized, cannot RetrieveEntry.
May 21, 2018 20:07:36.78 [8532:8676:0521/200736.428:ERROR:in_progress_cache_impl.cc(189)] Cache is not initialized, cannot RetrieveEntry.
May 21, 2018 20:07:36.79 [8532:8676:0521/200736.428:ERROR:in_progress_cache_impl.cc(189)] Cache is not initialized, cannot RetrieveEntry.
May 21, 2018 20:07:36.80 [8532:8676:0521/200736.428:ERROR:in_progress_cache_impl.cc(189)] Cache is not initialized, cannot RetrieveEntry.
May 21, 2018 20:07:36.80 [8532:8676:0521/200736.428:ERROR:in_progress_cache_impl.cc(189)] Cache is not initialized, cannot RetrieveEntry.
May 21, 2018 20:07:36.81 [8532:8676:0521/200736.428:ERROR:in_progress_cache_impl.cc(189)] Cache is not initialized, cannot RetrieveEntry.
May 21, 2018 20:07:36.82 [8532:8676:0521/200736.428:ERROR:in_progress_cache_impl.cc(189)] Cache is not initialized, cannot RetrieveEntry.
May 21, 2018 20:07:36.82 [8532:8676:0521/200736.428:ERROR:in_progress_cache_impl.cc(189)] Cache is not initialized, cannot RetrieveEntry.
May 21, 2018 20:07:36.83 [8532:8676:0521/200736.428:ERROR:in_progress_cache_impl.cc(189)] Cache is not initialized, cannot RetrieveEntry.
May 21, 2018 20:07:36.84 [8532:8676:0521/200736.429:ERROR:in_progress_cache_impl.cc(189)] Cache is not initialized, cannot RetrieveEntry.
May 21, 2018 20:07:36.85 [8532:8676:0521/200736.429:ERROR:in_progress_cache_impl.cc(189)] Cache is not initialized, cannot RetrieveEntry.
May 21, 2018 20:07:36.85 [8532:8676:0521/200736.429:ERROR:in_progress_cache_impl.cc(189)] Cache is not initialized, cannot RetrieveEntry.
May 21, 2018 20:07:36.86 [8532:8676:0521/200736.429:ERROR:in_progress_cache_impl.cc(189)] Cache is not initialized, cannot RetrieveEntry.
May 21, 2018 20:07:36.86 [8532:8676:0521/200736.429:ERROR:in_progress_cache_impl.cc(189)] Cache is not initialized, cannot RetrieveEntry.
May 21, 2018 20:07:36.87 [8532:8676:0521/200736.429:ERROR:in_progress_cache_impl.cc(189)] Cache is not initialized, cannot RetrieveEntry.
May 21, 2018 20:07:36.87 [8532:8676:0521/200736.429:ERROR:in_progress_cache_impl.cc(189)] Cache is not initialized, cannot RetrieveEntry.
May 21, 2018 20:07:36.88 [8532:8676:0521/200736.655:ERROR:in_progress_cache_impl.cc(189)] Cache is not initialized, cannot RetrieveEntry.
May 21, 2018 20:07:36.88 [8532:8676:0521/200736.655:ERROR:in_progress_cache_impl.cc(189)] Cache is not initialized, cannot RetrieveEntry.
May 21, 2018 20:07:36.89 [8532:8676:0521/200736.655:ERROR:in_progress_cache_impl.cc(189)] Cache is not initialized, cannot RetrieveEntry.
May 21, 2018 20:07:36.90 [8532:8676:0521/200736.655:ERROR:in_progress_cache_impl.cc(189)] Cache is not initialized, cannot RetrieveEntry.
May 21, 2018 20:07:36.90 [8532:8676:0521/200736.655:ERROR:in_progress_cache_impl.cc(189)] Cache is not initialized, cannot RetrieveEntry.
May 21, 2018 20:07:36.91 [8532:8676:0521/200736.655:ERROR:in_progress_cache_impl.cc(189)] Cache is not initialized, cannot RetrieveEntry.
May 21, 2018 20:07:36.91 [8532:8676:0521/200736.655:ERROR:in_progress_cache_impl.cc(189)] Cache is not initialized, cannot RetrieveEntry.
May 21, 2018 20:07:36.92 [8532:8676:0521/200736.655:ERROR:in_progress_cache_impl.cc(189)] Cache is not initialized, cannot RetrieveEntry.
May 21, 2018 20:07:36.93 [8532:8676:0521/200736.655:ERROR:in_progress_cache_impl.cc(189)] Cache is not initialized, cannot RetrieveEntry.
May 21, 2018 20:07:36.93 [8532:8676:0521/200736.655:ERROR:in_progress_cache_impl.cc(189)] Cache is not initialized, cannot RetrieveEntry.
May 21, 2018 20:07:36.94 [8532:8676:0521/200736.655:ERROR:in_progress_cache_impl.cc(189)] Cache is not initialized, cannot RetrieveEntry.
May 21, 2018 20:07:36.95 [8532:8676:0521/200736.655:ERROR:in_progress_cache_impl.cc(189)] Cache is not initialized, cannot RetrieveEntry.
May 21, 2018 20:07:36.95 [8532:8676:0521/200736.656:ERROR:in_progress_cache_impl.cc(189)] Cache is not initialized, cannot RetrieveEntry.
May 21, 2018 20:07:36.96 [8532:8676:0521/200736.656:ERROR:in_progress_cache_impl.cc(189)] Cache is not initialized, cannot RetrieveEntry.
May 21, 2018 20:07:36.96 [8532:8676:0521/200736.656:ERROR:in_progress_cache_impl.cc(189)] Cache is not initialized, cannot RetrieveEntry.
May 21, 2018 20:07:36.97 [8532:8676:0521/200736.656:ERROR:in_progress_cache_impl.cc(189)] Cache is not initialized, cannot RetrieveEntry.
May 21, 2018 20:07:36.98 [8532:8676:0521/200736.656:ERROR:in_progress_cache_impl.cc(189)] Cache is not initialized, cannot RetrieveEntry.
May 21, 2018 20:07:36.98 [8532:8676:0521/200736.656:ERROR:in_progress_cache_impl.cc(189)] Cache is not initialized, cannot RetrieveEntry.
May 21, 2018 20:07:36.99 [8532:8676:0521/200736.656:ERROR:in_progress_cache_impl.cc(189)] Cache is not initialized, cannot RetrieveEntry.
May 21, 2018 20:07:36.99 [8532:8676:0521/200736.656:ERROR:in_progress_cache_impl.cc(189)] Cache is not initialized, cannot RetrieveEntry.
May 21, 2018 20:07:37.00 [8532:8676:0521/200736.656:ERROR:in_progress_cache_impl.cc(189)] Cache is not initialized, cannot RetrieveEntry.
May 21, 2018 20:07:37.01 [8532:8676:0521/200736.656:ERROR:in_progress_cache_impl.cc(189)] Cache is not initialized, cannot RetrieveEntry.
May 21, 2018 20:07:37.02 [8532:8676:0521/200736.656:ERROR:in_progress_cache_impl.cc(189)] Cache is not initialized, cannot RetrieveEntry.
May 21, 2018 20:07:37.02 [8532:8676:0521/200736.656:ERROR:in_progress_cache_impl.cc(189)] Cache is not initialized, cannot RetrieveEntry.
May 21, 2018 20:07:37.03 [8532:8676:0521/200736.656:ERROR:in_progress_cache_impl.cc(189)] Cache is not initialized, cannot RetrieveEntry.
May 21, 2018 20:07:37.04 [8532:8676:0521/200736.656:ERROR:in_progress_cache_impl.cc(189)] Cache is not initialized, cannot RetrieveEntry.
May 21, 2018 20:07:37.04 [8532:8676:0521/200736.656:ERROR:in_progress_cache_impl.cc(189)] Cache is not initialized, cannot RetrieveEntry.
May 21, 2018 20:07:37.05 [8532:8676:0521/200736.656:ERROR:in_progress_cache_impl.cc(189)] Cache is not initialized, cannot RetrieveEntry.
May 21, 2018 20:07:37.05 [8532:8676:0521/200736.656:ERROR:in_progress_cache_impl.cc(189)] Cache is not initialized, cannot RetrieveEntry.
May 21, 2018 20:07:37.06 [8532:8676:0521/200736.656:ERROR:in_progress_cache_impl.cc(189)] Cache is not initialized, cannot RetrieveEntry.
May 21, 2018 20:07:37.07 [8532:8676:0521/200736.656:ERROR:in_progress_cache_impl.cc(189)] Cache is not initialized, cannot RetrieveEntry.
May 21, 2018 20:07:37.07 [8532:8676:0521/200736.656:ERROR:in_progress_cache_impl.cc(189)] Cache is not initialized, cannot RetrieveEntry.
May 21, 2018 20:07:37.08 [8532:8676:0521/200736.656:ERROR:in_progress_cache_impl.cc(189)] Cache is not initialized, cannot RetrieveEntry.
May 21, 2018 20:07:37.08 [8532:8676:0521/200736.656:ERROR:in_progress_cache_impl.cc(189)] Cache is not initialized, cannot RetrieveEntry.
May 21, 2018 20:07:37.09 [8532:8676:0521/200736.656:ERROR:in_progress_cache_impl.cc(189)] Cache is not initialized, cannot RetrieveEntry.
May 21, 2018 20:07:37.10 [8532:8676:0521/200736.656:ERROR:in_progress_cache_impl.cc(189)] Cache is not initialized, cannot RetrieveEntry.
May 21, 2018 20:07:37.10 [8532:8676:0521/200736.656:ERROR:in_progress_cache_impl.cc(189)] Cache is not initialized, cannot RetrieveEntry.
May 21, 2018 20:07:37.11 [8532:8676:0521/200736.883:ERROR:in_progress_cache_impl.cc(189)] Cache is not initialized, cannot RetrieveEntry.
May 21, 2018 20:07:37.14 [8532:8676:0521/200736.883:ERROR:in_progress_cache_impl.cc(189)] Cache is not initialized, cannot RetrieveEntry.
May 21, 2018 20:07:37.17 [8532:8676:0521/200736.883:ERROR:in_progress_cache_impl.cc(189)] Cache is not initialized, cannot RetrieveEntry.
May 21, 2018 20:07:37.22 [8532:8676:0521/200736.883:ERROR:in_progress_cache_impl.cc(189)] Cache is not initialized, cannot RetrieveEntry.
May 21, 2018 20:07:37.24 [8532:8676:0521/200736.883:ERROR:in_progress_cache_impl.cc(189)] Cache is not initialized, cannot RetrieveEntry.
May 21, 2018 20:07:37.32 [8532:8676:0521/200736.884:ERROR:in_progress_cache_impl.cc(189)] Cache is not initialized, cannot RetrieveEntry.
May 21, 2018 20:07:37.33 [8532:8676:0521/200736.884:ERROR:in_progress_cache_impl.cc(189)] Cache is not initialized, cannot RetrieveEntry.
May 21, 2018 20:07:37.36 [8532:8676:0521/200736.884:ERROR:in_progress_cache_impl.cc(189)] Cache is not initialized, cannot RetrieveEntry.
May 21, 2018 20:07:37.38 [8532:8676:0521/200736.884:ERROR:in_progress_cache_impl.cc(189)] Cache is not initialized, cannot RetrieveEntry.
May 21, 2018 20:07:37.40 [8532:8676:0521/200736.884:ERROR:in_progress_cache_impl.cc(189)] Cache is not initialized, cannot RetrieveEntry.
May 21, 2018 20:07:37.43 [8532:8676:0521/200736.884:ERROR:in_progress_cache_impl.cc(189)] Cache is not initialized, cannot RetrieveEntry.
May 21, 2018 20:07:37.45 [8532:8676:0521/200736.884:ERROR:in_progress_cache_impl.cc(189)] Cache is not initialized, cannot RetrieveEntry.
May 21, 2018 20:07:37.46 [8532:8676:0521/200736.884:ERROR:in_progress_cache_impl.cc(189)] Cache is not initialized, cannot RetrieveEntry.
May 21, 2018 20:07:37.49 [8532:8676:0521/200736.884:ERROR:in_progress_cache_impl.cc(189)] Cache is not initialized, cannot RetrieveEntry.
May 21, 2018 20:07:37.51 [8532:8676:0521/200736.884:ERROR:in_progress_cache_impl.cc(189)] Cache is not initialized, cannot RetrieveEntry.
May 21, 2018 20:07:37.52 [8532:8676:0521/200736.884:ERROR:in_progress_cache_impl.cc(189)] Cache is not initialized, cannot RetrieveEntry.
May 21, 2018 20:07:37.53 [8532:8676:0521/200736.884:ERROR:in_progress_cache_impl.cc(189)] Cache is not initialized, cannot RetrieveEntry.
May 21, 2018 20:07:37.55 [8532:8676:0521/200736.884:ERROR:in_progress_cache_impl.cc(189)] Cache is not initialized, cannot RetrieveEntry.
May 21, 2018 20:07:37.56 [8532:8676:0521/200736.884:ERROR:in_progress_cache_impl.cc(189)] Cache is not initialized, cannot RetrieveEntry.
May 21, 2018 20:07:37.57 [8532:8676:0521/200736.884:ERROR:in_progress_cache_impl.cc(189)] Cache is not initialized, cannot RetrieveEntry.
May 21, 2018 20:07:37.58 [8532:8676:0521/200736.884:ERROR:in_progress_cache_impl.cc(189)] Cache is not initialized, cannot RetrieveEntry.
May 21, 2018 20:07:37.59 [8532:8676:0521/200736.884:ERROR:in_progress_cache_impl.cc(189)] Cache is not initialized, cannot RetrieveEntry.
May 21, 2018 20:07:37.60 [8532:8676:0521/200736.884:ERROR:in_progress_cache_impl.cc(189)] Cache is not initialized, cannot RetrieveEntry.
May 21, 2018 20:07:37.61 [8532:8676:0521/200736.884:ERROR:in_progress_cache_impl.cc(189)] Cache is not initialized, cannot RetrieveEntry.
May 21, 2018 20:07:37.62 [8532:8676:0521/200736.884:ERROR:in_progress_cache_impl.cc(189)] Cache is not initialized, cannot RetrieveEntry.
May 21, 2018 20:07:37.65 [8532:8676:0521/200736.884:ERROR:in_progress_cache_impl.cc(189)] Cache is not initialized, cannot RetrieveEntry.
May 21, 2018 20:07:37.66 [8532:8676:0521/200736.885:ERROR:in_progress_cache_impl.cc(189)] Cache is not initialized, cannot RetrieveEntry.
May 21, 2018 20:07:37.68 [8532:8676:0521/200736.885:ERROR:in_progress_cache_impl.cc(189)] Cache is not initialized, cannot RetrieveEntry.
May 21, 2018 20:07:37.71 [8532:8676:0521/200736.885:ERROR:in_progress_cache_impl.cc(189)] Cache is not initialized, cannot RetrieveEntry.
May 21, 2018 20:07:37.76 [8532:8676:0521/200736.885:ERROR:in_progress_cache_impl.cc(189)] Cache is not initialized, cannot RetrieveEntry.
May 21, 2018 20:07:37.81 [8532:8676:0521/200736.885:ERROR:in_progress_cache_impl.cc(189)] Cache is not initialized, cannot RetrieveEntry.
May 21, 2018 20:07:37.83 [8532:8676:0521/200736.885:ERROR:in_progress_cache_impl.cc(189)] Cache is not initialized, cannot RetrieveEntry.
May 21, 2018 20:07:37.89 [8532:8676:0521/200736.885:ERROR:in_progress_cache_impl.cc(189)] Cache is not initialized, cannot RetrieveEntry.
May 21, 2018 20:07:37.94 [8532:8676:0521/200736.885:ERROR:in_progress_cache_impl.cc(189)] Cache is not initialized, cannot RetrieveEntry.
May 21, 2018 20:07:38.10 [8532:8676:0521/200736.885:ERROR:in_progress_cache_impl.cc(189)] Cache is not initialized, cannot RetrieveEntry.
May 21, 2018 20:07:38.11 [8532:8676:0521/200736.885:ERROR:in_progress_cache_impl.cc(189)] Cache is not initialized, cannot RetrieveEntry.
May 21, 2018 20:07:38.17 [8532:8676:0521/200736.885:ERROR:in_progress_cache_impl.cc(189)] Cache is not initialized, cannot RetrieveEntry.
May 21, 2018 20:07:38.21 [8532:8676:0521/200737.114:ERROR:in_progress_cache_impl.cc(189)] Cache is not initialized, cannot RetrieveEntry.
May 21, 2018 20:07:38.26 [8532:8676:0521/200737.114:ERROR:in_progress_cache_impl.cc(189)] Cache is not initialized, cannot RetrieveEntry.
May 21, 2018 20:07:38.28 [8532:8676:0521/200737.114:ERROR:in_progress_cache_impl.cc(189)] Cache is not initialized, cannot RetrieveEntry.
May 21, 2018 20:07:38.31 [8532:8676:0521/200737.114:ERROR:in_progress_cache_impl.cc(189)] Cache is not initialized, cannot RetrieveEntry.
May 21, 2018 20:07:38.34 [8532:8676:0521/200737.114:ERROR:in_progress_cache_impl.cc(189)] Cache is not initialized, cannot RetrieveEntry.
May 21, 2018 20:07:38.34 [8532:8676:0521/200737.115:ERROR:in_progress_cache_impl.cc(189)] Cache is not initialized, cannot RetrieveEntry.
May 21, 2018 20:07:38.36 [8532:8676:0521/200737.115:ERROR:in_progress_cache_impl.cc(189)] Cache is not initialized, cannot RetrieveEntry.
May 21, 2018 20:07:38.36 [8532:8676:0521/200737.115:ERROR:in_progress_cache_impl.cc(189)] Cache is not initialized, cannot RetrieveEntry.
May 21, 2018 20:07:38.37 [8532:8676:0521/200737.115:ERROR:in_progress_cache_impl.cc(189)] Cache is not initialized, cannot RetrieveEntry.
May 21, 2018 20:07:38.39 [8532:8676:0521/200737.115:ERROR:in_progress_cache_impl.cc(189)] Cache is not initialized, cannot RetrieveEntry.
May 21, 2018 20:07:38.39 [8532:8676:0521/200737.115:ERROR:in_progress_cache_impl.cc(189)] Cache is not initialized, cannot RetrieveEntry.
May 21, 2018 20:07:38.40 [8532:8676:0521/200737.115:ERROR:in_progress_cache_impl.cc(189)] Cache is not initialized, cannot RetrieveEntry.
May 21, 2018 20:07:38.41 [8532:8676:0521/200737.115:ERROR:in_progress_cache_impl.cc(189)] Cache is not initialized, cannot RetrieveEntry.
May 21, 2018 20:07:38.42 [8532:8676:0521/200737.115:ERROR:in_progress_cache_impl.cc(189)] Cache is not initialized, cannot RetrieveEntry.
May 21, 2018 20:07:38.43 [8532:8676:0521/200737.115:ERROR:in_progress_cache_impl.cc(189)] Cache is not initialized, cannot RetrieveEntry.
May 21, 2018 20:07:38.45 [8532:8676:0521/200737.115:ERROR:in_progress_cache_impl.cc(189)] Cache is not initialized, cannot RetrieveEntry.
May 21, 2018 20:07:38.45 [8532:8676:0521/200737.115:ERROR:in_progress_cache_impl.cc(189)] Cache is not initialized, cannot RetrieveEntry.
May 21, 2018 20:07:38.47 [8532:8676:0521/200737.115:ERROR:in_progress_cache_impl.cc(189)] Cache is not initialized, cannot RetrieveEntry.
May 21, 2018 20:07:38.48 [8532:8676:0521/200737.115:ERROR:in_progress_cache_impl.cc(189)] Cache is not initialized, cannot RetrieveEntry.
May 21, 2018 20:07:38.50 [8532:8676:0521/200737.115:ERROR:in_progress_cache_impl.cc(189)] Cache is not initialized, cannot RetrieveEntry.
May 21, 2018 20:07:38.51 [8532:8676:0521/200737.115:ERROR:in_progress_cache_impl.cc(189)] Cache is not initialized, cannot RetrieveEntry.
May 21, 2018 20:07:38.52 [8532:8676:0521/200737.115:ERROR:in_progress_cache_impl.cc(189)] Cache is not initialized, cannot RetrieveEntry.
May 21, 2018 20:07:38.54 [8532:8676:0521/200737.115:ERROR:in_progress_cache_impl.cc(189)] Cache is not initialized, cannot RetrieveEntry.
May 21, 2018 20:07:38.55 [8532:8676:0521/200737.115:ERROR:in_progress_cache_impl.cc(189)] Cache is not initialized, cannot RetrieveEntry.
May 21, 2018 20:07:38.56 [8532:8676:0521/200737.115:ERROR:in_progress_cache_impl.cc(189)] Cache is not initialized, cannot RetrieveEntry.
May 21, 2018 20:07:38.57 [8532:8676:0521/200737.115:ERROR:in_progress_cache_impl.cc(189)] Cache is not initialized, cannot RetrieveEntry.
May 21, 2018 20:07:38.59 [8532:8676:0521/200737.116:ERROR:in_progress_cache_impl.cc(189)] Cache is not initialized, cannot RetrieveEntry.
May 21, 2018 20:07:38.61 [8532:8676:0521/200737.116:ERROR:in_progress_cache_impl.cc(189)] Cache is not initialized, cannot RetrieveEntry.
May 21, 2018 20:07:38.64 [8532:8676:0521/200737.116:ERROR:in_progress_cache_impl.cc(189)] Cache is not initialized, cannot RetrieveEntry.
May 21, 2018 20:07:38.67 [8532:8676:0521/200737.116:ERROR:in_progress_cache_impl.cc(189)] Cache is not initialized, cannot RetrieveEntry.
May 21, 2018 20:07:38.68 [8532:8676:0521/200737.116:ERROR:in_progress_cache_impl.cc(189)] Cache is not initialized, cannot RetrieveEntry.
May 21, 2018 20:07:38.70 [8532:8676:0521/200737.116:ERROR:in_progress_cache_impl.cc(189)] Cache is not initialized, cannot RetrieveEntry.
May 21, 2018 20:07:38.72 [8532:8676:0521/200737.116:ERROR:in_progress_cache_impl.cc(189)] Cache is not initialized, cannot RetrieveEntry.
May 21, 2018 20:07:38.73 [8532:8676:0521/200737.116:ERROR:in_progress_cache_impl.cc(189)] Cache is not initialized, cannot RetrieveEntry.
May 21, 2018 20:07:38.74 [8532:8676:0521/200737.116:ERROR:in_progress_cache_impl.cc(189)] Cache is not initialized, cannot RetrieveEntry.
May 21, 2018 20:07:38.75 [8532:8676:0521/200737.116:ERROR:in_progress_cache_impl.cc(189)] Cache is not initialized, cannot RetrieveEntry.
May 21, 2018 20:09:34.52 Unable to read VR Path Registry from C:\Users\IDEBUS\AppData\Local\openvr\openvrpaths.vrpath
May 21, 2018 20:09:41.65 [7948:4720:0521/200941.656:ERROR:in_progress_cache_impl.cc(93)] Could not read download entries from file because there was a read failure.
May 21, 2018 20:45:44.35 Unable to read VR Path Registry from C:\Users\IDEBUS\AppData\Local\openvr\openvrpaths.vrpath
May 21, 2018 20:45:47.09 [8228:1216:0521/204547.095:ERROR:in_progress_cache_impl.cc(93)] Could not read download entries from file because there was a read failure.
May 21, 2018 22:12:57.20 Unable to read VR Path Registry from C:\Users\IDEBUS\AppData\Local\openvr\openvrpaths.vrpath
May 21, 2018 22:12:57.26 [8228:7288:0521/221257.200:ERROR:connection_factory_impl.cc(416)] Failed to connect to MCS endpoint with error -21
May 22, 2018 03:12:25.15 [8228:9612:0522/031225.156:ERROR:gcm_channel_status_request.cc(127)] GCM channel request failed.
May 22, 2018 03:12:25.28 [8228:7288:0522/031225.226:ERROR:connection_factory_impl.cc(416)] Failed to connect to MCS endpoint with error -105
May 22, 2018 03:12:27.96 [8228:7288:0522/031227.969:ERROR:connection_factory_impl.cc(416)] Failed to connect to MCS endpoint with error -105
May 22, 2018 07:05:28.09 [8228:9612:0522/070528.092:ERROR:gcm_channel_status_request.cc(127)] GCM channel request failed.
May 22, 2018 07:05:32.56 [8228:7288:0522/070528.094:ERROR:connection_factory_impl.cc(416)] Failed to connect to MCS endpoint with error -21
May 22, 2018 07:05:33.45 [8228:7288:0522/070533.459:ERROR:connection_factory_impl.cc(416)] Failed to connect to MCS endpoint with error -21
May 22, 2018 08:53:26.15 [8228:7288:0522/085326.156:ERROR:connection_factory_impl.cc(416)] Failed to connect to MCS endpoint with error -21
May 22, 2018 08:53:30.78 [8228:7288:0522/085330.786:ERROR:connection_factory_impl.cc(416)] Failed to connect to MCS endpoint with error -21
May 22, 2018 08:53:58.35 [8228:9612:0522/085358.357:ERROR:CONSOLE(760)] "Uncaught TypeError: Cannot read property 'b' of null", source: https://www.google.com/xjs/_/js/k=xjs.ntp.en_US.PllQDhXOY-4.O/m=sx,jsa,ntp,d,csi/am=gAgSMw/rt=j/d=1/rs=ACT90oEDwruEJp98HtdzDrjbgIPLhaHe_Q (760)
May 22, 2018 10:21:32.80 [8228:9612:0522/102132.808:ERROR:CONSOLE(6)] "Uncaught ReferenceError: gbar is not defined", source: https://clients5.google.com/pagead/drt/dn/ (6)
May 22, 2018 11:56:14.77 [8228:7288:0522/115614.773:ERROR:ssl_client_socket_impl.cc(1098)] handshake failed; returned -1, SSL error code 1, net_error -107
May 22, 2018 11:56:15.02 [8228:7288:0522/115615.025:ERROR:ssl_client_socket_impl.cc(1098)] handshake failed; returned -1, SSL error code 1, net_error -107
May 22, 2018 12:41:29.10 [8228:9612:0522/124129.085:ERROR:latency_info.cc(164)] Display::DrawAndSwap, LatencyInfo vector size 102 is too big.
May 22, 2018 12:41:30.70 [8228:9612:0522/124130.638:ERROR:latency_info.cc(164)] Display::DrawAndSwap, LatencyInfo vector size 102 is too big.
May 22, 2018 12:56:32.10 [8228:9612:0522/125632.077:ERROR:latency_info.cc(164)] Display::DrawAndSwap, LatencyInfo vector size 102 is too big.
May 22, 2018 12:56:33.65 [8228:9612:0522/125633.626:ERROR:latency_info.cc(164)] Display::DrawAndSwap, LatencyInfo vector size 102 is too big.
May 22, 2018 12:56:35.17 [8228:9612:0522/125635.178:ERROR:latency_info.cc(164)] Display::DrawAndSwap, LatencyInfo vector size 102 is too big.
May 22, 2018 12:56:36.73 [8228:9612:0522/125636.730:ERROR:latency_info.cc(164)] Display::DrawAndSwap, LatencyInfo vector size 102 is too big.
May 22, 2018 13:11:38.23 [8228:9612:0522/131138.231:ERROR:latency_info.cc(164)] Display::DrawAndSwap, LatencyInfo vector size 102 is too big.
May 22, 2018 13:11:39.78 [8228:9612:0522/131139.784:ERROR:latency_info.cc(164)] Display::DrawAndSwap, LatencyInfo vector size 102 is too big.
May 22, 2018 13:11:41.28 [8228:9612:0522/131141.281:ERROR:latency_info.cc(164)] Display::DrawAndSwap, LatencyInfo vector size 102 is too big.
May 22, 2018 13:11:42.83 [8228:9612:0522/131142.831:ERROR:latency_info.cc(164)] Display::DrawAndSwap, LatencyInfo vector size 102 is too big.
May 22, 2018 13:26:44.31 [8228:9612:0522/132644.290:ERROR:latency_info.cc(164)] Display::DrawAndSwap, LatencyInfo vector size 102 is too big.
May 22, 2018 13:26:45.86 [8228:9612:0522/132645.843:ERROR:latency_info.cc(164)] Display::DrawAndSwap, LatencyInfo vector size 102 is too big.
May 22, 2018 13:41:47.35 [8228:9612:0522/134147.352:ERROR:latency_info.cc(164)] Display::DrawAndSwap, LatencyInfo vector size 102 is too big.
May 22, 2018 13:41:48.84 [8228:9612:0522/134148.845:ERROR:latency_info.cc(164)] Display::DrawAndSwap, LatencyInfo vector size 102 is too big.
May 22, 2018 13:41:50.39 [8228:9612:0522/134150.396:ERROR:latency_info.cc(164)] Display::DrawAndSwap, LatencyInfo vector size 102 is too big.
May 22, 2018 15:09:32.22 [8228:7288:0522/150932.223:ERROR:connection_factory_impl.cc(416)] Failed to connect to MCS endpoint with error -105
May 22, 2018 15:09:35.92 [8228:9612:0522/150935.923:ERROR:gcm_channel_status_request.cc(127)] GCM channel request failed.
May 22, 2018 15:09:39.24 [8228:7288:0522/150939.246:ERROR:connection_factory_impl.cc(416)] Failed to connect to MCS endpoint with error -105
May 22, 2018 15:09:45.41 [8228:7288:0522/150945.414:ERROR:connection_factory_impl.cc(416)] Failed to connect to MCS endpoint with error -105
May 22, 2018 15:09:52.06 [8228:7288:0522/150952.062:ERROR:connection_factory_impl.cc(416)] Failed to connect to MCS endpoint with error -21
May 22, 2018 15:09:55.34 [8228:9612:0522/150955.340:ERROR:account_info_fetcher.cc(58)] OnGetTokenFailure: Invalid credentials.
May 22, 2018 16:00:45.33 [8228:9612:0522/160045.337:ERROR:CONSOLE(760)] "Uncaught TypeError: Cannot read property 'b' of null", source: https://www.google.com/xjs/_/js/k=xjs.ntp.en_US.PllQDhXOY-4.O/m=sx,jsa,ntp,d,csi/am=gAgSMw/rt=j/d=1/rs=ACT90oEDwruEJp98HtdzDrjbgIPLhaHe_Q (760)
May 22, 2018 16:37:13.17 [8228:7288:0522/163713.178:ERROR:connection_factory_impl.cc(416)] Failed to connect to MCS endpoint with error -21
May 22, 2018 16:37:18.49 [8228:7288:0522/163718.495:ERROR:connection_factory_impl.cc(416)] Failed to connect to MCS endpoint with error -21
May 22, 2018 16:47:41.30 [8228:7288:0522/164741.309:ERROR:connection_factory_impl.cc(416)] Failed to connect to MCS endpoint with error -106
May 22, 2018 16:48:02.32 [8228:7288:0522/164802.324:ERROR:connection_factory_impl.cc(416)] Failed to connect to MCS endpoint with error -106
May 22, 2018 16:48:44.95 [8228:7288:0522/164844.958:ERROR:connection_factory_impl.cc(416)] Failed to connect to MCS endpoint with error -106
May 22, 2018 16:49:55.35 [8228:7288:0522/164955.356:ERROR:connection_factory_impl.cc(416)] Failed to connect to MCS endpoint with error -21
May 22, 2018 16:49:55.66 [8228:7288:0522/164955.667:ERROR:ssl_client_socket_impl.cc(1098)] handshake failed; returned -1, SSL error code 1, net_error -101
May 22, 2018 16:49:55.72 [8228:7288:0522/164955.721:ERROR:ssl_client_socket_impl.cc(1098)] handshake failed; returned -1, SSL error code 1, net_error -101
May 22, 2018 16:49:57.83 [8228:7288:0522/164957.835:ERROR:ssl_client_socket_impl.cc(1098)] handshake failed; returned -1, SSL error code 1, net_error -101
May 22, 2018 16:49:57.89 [8228:7288:0522/164957.891:ERROR:ssl_client_socket_impl.cc(1098)] handshake failed; returned -1, SSL error code 1, net_error -101
May 22, 2018 16:50:05.86 [8228:7288:0522/165005.864:ERROR:ssl_client_socket_impl.cc(1098)] handshake failed; returned -1, SSL error code 1, net_error -101
May 22, 2018 16:50:07.15 [8228:7288:0522/165007.154:ERROR:connection_factory_impl.cc(416)] Failed to connect to MCS endpoint with error -105
May 22, 2018 16:50:09.82 [8228:7288:0522/165009.826:ERROR:ssl_client_socket_impl.cc(1098)] handshake failed; returned -1, SSL error code 1, net_error -101
May 22, 2018 16:50:16.34 [8228:7288:0522/165016.344:ERROR:ssl_client_socket_impl.cc(1098)] handshake failed; returned -1, SSL error code 1, net_error -101
May 22, 2018 16:50:23.81 [8228:7288:0522/165023.813:ERROR:ssl_client_socket_impl.cc(1098)] handshake failed; returned -1, SSL error code 1, net_error -101
May 22, 2018 16:51:24.08 [8228:7288:0522/165124.080:ERROR:connection_factory_impl.cc(416)] Failed to connect to MCS endpoint with error -21
May 22, 2018 16:51:40.91 [8228:7288:0522/165140.910:ERROR:connection_factory_impl.cc(416)] Failed to connect to MCS endpoint with error -105
May 22, 2018 16:51:43.23 [8228:7288:0522/165143.233:ERROR:connection_factory_impl.cc(416)] Failed to connect to MCS endpoint with error -106
May 22, 2018 16:51:55.17 [8228:7288:0522/165155.172:ERROR:connection_factory_impl.cc(416)] Failed to connect to MCS endpoint with error -105
May 22, 2018 16:51:58.42 [8228:7288:0522/165158.426:ERROR:connection_factory_impl.cc(416)] Failed to connect to MCS endpoint with error -21
May 22, 2018 16:52:01.77 [8228:7288:0522/165201.770:ERROR:connection_factory_impl.cc(416)] Failed to connect to MCS endpoint with error -21
May 22, 2018 16:52:05.48 [8228:7288:0522/165205.480:ERROR:ssl_client_socket_impl.cc(1098)] handshake failed; returned -1, SSL error code 1, net_error -101
May 22, 2018 16:52:05.55 [8228:7288:0522/165205.552:ERROR:ssl_client_socket_impl.cc(1098)] handshake failed; returned -1, SSL error code 1, net_error -101
May 22, 2018 16:52:07.26 [8228:7288:0522/165207.264:ERROR:ssl_client_socket_impl.cc(1098)] handshake failed; returned -1, SSL error code 1, net_error -101
May 22, 2018 16:52:07.30 [8228:7288:0522/165207.302:ERROR:ssl_client_socket_impl.cc(1098)] handshake failed; returned -1, SSL error code 1, net_error -101
May 22, 2018 16:52:13.63 [8228:7288:0522/165213.630:ERROR:connection_factory_impl.cc(416)] Failed to connect to MCS endpoint with error -105
May 22, 2018 16:52:14.59 [8228:7288:0522/165214.595:ERROR:ssl_client_socket_impl.cc(1098)] handshake failed; returned -1, SSL error code 1, net_error -101
May 22, 2018 16:52:21.32 [8228:7288:0522/165221.324:ERROR:ssl_client_socket_impl.cc(1098)] handshake failed; returned -1, SSL error code 1, net_error -101
May 22, 2018 16:52:23.85 [8228:7288:0522/165223.854:ERROR:connection_factory_impl.cc(416)] Failed to connect to MCS endpoint with error -106
May 22, 2018 16:52:29.56 [8228:7288:0522/165229.564:ERROR:ssl_client_socket_impl.cc(1098)] handshake failed; returned -1, SSL error code 1, net_error -101
May 22, 2018 16:52:30.86 [8228:7288:0522/165230.867:ERROR:connection_factory_impl.cc(416)] Failed to connect to MCS endpoint with error -21
May 22, 2018 16:52:31.69 [8228:7288:0522/165231.695:ERROR:ssl_client_socket_impl.cc(1098)] handshake failed; returned -1, SSL error code 1, net_error -101
May 22, 2018 16:52:31.73 [8228:7288:0522/165231.731:ERROR:ssl_client_socket_impl.cc(1098)] handshake failed; returned -1, SSL error code 1, net_error -101
May 22, 2018 16:52:33.48 [8228:7288:0522/165233.483:ERROR:ssl_client_socket_impl.cc(1098)] handshake failed; returned -1, SSL error code 1, net_error -101
May 22, 2018 16:52:33.52 [8228:7288:0522/165233.523:ERROR:ssl_client_socket_impl.cc(1098)] handshake failed; returned -1, SSL error code 1, net_error -101
May 22, 2018 16:52:36.21 [8228:7288:0522/165236.211:ERROR:ssl_client_socket_impl.cc(1098)] handshake failed; returned -1, SSL error code 1, net_error -101
May 22, 2018 16:52:36.26 [8228:7288:0522/165236.269:ERROR:ssl_client_socket_impl.cc(1098)] handshake failed; returned -1, SSL error code 1, net_error -101
May 22, 2018 16:52:42.29 [8228:7288:0522/165242.292:ERROR:connection_factory_impl.cc(416)] Failed to connect to MCS endpoint with error -105
May 22, 2018 16:52:42.41 [8228:7288:0522/165242.411:ERROR:ssl_client_socket_impl.cc(1098)] handshake failed; returned -1, SSL error code 1, net_error -101
May 22, 2018 16:52:45.19 [8228:7288:0522/165245.195:ERROR:ssl_client_socket_impl.cc(1098)] handshake failed; returned -1, SSL error code 1, net_error -101
May 22, 2018 16:52:47.79 [8228:7288:0522/165247.791:ERROR:ssl_client_socket_impl.cc(1098)] handshake failed; returned -1, SSL error code 1, net_error -101
May 22, 2018 16:52:51.32 [8228:7288:0522/165251.323:ERROR:ssl_client_socket_impl.cc(1098)] handshake failed; returned -1, SSL error code 1, net_error -101
May 22, 2018 16:52:54.29 [8228:7288:0522/165254.291:ERROR:ssl_client_socket_impl.cc(1098)] handshake failed; returned -1, SSL error code 1, net_error -101
May 22, 2018 16:52:58.36 [8228:7288:0522/165258.363:ERROR:ssl_client_socket_impl.cc(1098)] handshake failed; returned -1, SSL error code 1, net_error -101

May 25, 2018 13:55:35.34 NEW SESSION
May 25, 2018 13:55:35.34 [5460:7644:0525/135535.345:ERROR:in_progress_cache_impl.cc(93)] Could not read download entries from file because there was a read failure.
May 25, 2018 14:41:44.17 Unable to read VR Path Registry from C:\Users\IDEBUS\AppData\Local\openvr\openvrpaths.vrpath
May 25, 2018 14:41:44.18 [5460:6744:0525/144144.170:ERROR:connection_factory_impl.cc(416)] Failed to connect to MCS endpoint with error -21
May 25, 2018 20:37:34.76 [5460:6744:0525/203734.760:ERROR:socket_stream.cc(210)] Closing stream with result -103
May 25, 2018 21:44:02.56 [5460:6744:0525/214402.560:ERROR:socket_stream.cc(210)] Closing stream with result -103
May 25, 2018 21:44:02.60 [5460:6744:0525/214402.585:ERROR:connection_factory_impl.cc(416)] Failed to connect to MCS endpoint with error -105
May 25, 2018 21:44:05.71 [5460:9412:0525/214405.718:ERROR:gcm_channel_status_request.cc(127)] GCM channel request failed.
May 25, 2018 22:30:59.64 [5460:6744:0525/223059.647:ERROR:connection_factory_impl.cc(416)] Failed to connect to MCS endpoint with error -21
